2020-10-02 20:41:18.000 INFO  [main] com.haulmont.cuba.core.sys.AbstractWebAppContextLoader - Initializing 'web' block, servlet context path: /app
2020-10-02 20:41:18.860 INFO  [main] com.haulmont.cuba.core.sys.AppComponents - Using app components: [com.haulmont.cuba]
2020-10-02 20:41:19.344 INFO  [main] com.haulmont.cuba.core.sys.AbstractWebAppContextLoader - Loading app properties from classpath:com/company/bookshop/web-app.properties
2020-10-02 20:41:19.360 INFO  [main] com.haulmont.cuba.core.sys.AbstractWebAppContextLoader - Loading app properties from file:C:\Users\Alex\StudioProjects\bookshop\deploy\tomcat/../app_home/local.app.properties
2020-10-02 20:41:19.500 INFO  [main] com.haulmont.cuba.core.sys.AbstractWebAppContextLoader - cuba.webContextName: app
2020-10-02 20:41:21.266 INFO  [main] com.haulmont.cuba.core.sys.environmentcheck.EnvironmentChecksRunner - Environment checks on web module completed successfully
2020-10-02 20:41:49.538 INFO  [main] com.haulmont.cuba.core.sys.remoting.discovery.StaticServerSelector - Server URLs: [http://localhost:8080/app-core/remoting]
2020-10-02 20:41:49.682 INFO  [main] com.haulmont.cuba.web.sys.remoting.WebRemoteProxyBeanCreator - Configuring proxy beans for local service invocations: [cuba_AuthenticationService, cuba_TrustedClientService, cuba_ServerInfoService, cuba_UserSettingService, cuba_UserManagementService, cuba_DataService, cuba_ConfigStorageService, cuba_PersistenceManagerService, cuba_LockService, cuba_UserSessionService, cuba_FoldersService, cuba_EmailService, cuba_FileStorageService, cuba_EntitySnapshotService, cuba_UniqueNumbersService, cuba_LocalizedMessageService, cuba_ResourceService, cuba_ScheduledTasksService, cuba_EntityLogService, cuba_TestingService, cuba_DomainDescriptionService, cuba_RelatedEntitiesService, cuba_EntitySqlGenerationService, cuba_NumberIdService, cuba_QueryResultsService, cuba_DynamicAttributesCacheService, cuba_EntityRestoreService, cuba_LocalFileExchangeService, cuba_EntityImportExportService, cuba_ConstraintLocalizationService, cuba_AttributeAccessService, cuba_ExceptionReportService, cuba_BulkEditorDataService, cuba_PersistenceSecurityService, cuba_AccessGroupsService, cuba_AttributeOptionsLoaderService, cuba_RolesService, cuba_SecurityScopesService, cuba_ScreenProfilerService]
2020-10-02 20:41:54.457 DEBUG [main] org.jboss.logging - Logging Provider: org.jboss.logging.Slf4jLoggerProvider
2020-10-02 20:42:05.275 INFO  [main] com.haulmont.cuba.core.sys.CubaThreadPoolTaskScheduler - Initializing ExecutorService 'scheduler'
2020-10-02 20:42:07.605 INFO  [main] com.haulmont.cuba.core.sys.jmx.MBeanExporter - Registering beans for JMX exposure: [app.cuba:type=ConfigStorage, app.cuba:type=CachingFacade, app.cuba:type=FileUploading, app.cuba:type=JmxNodeIdentifier, app.cuba:type=JmxLogControl, app.cuba:type=ClassLoaderManager, app.cuba:type=StatisticsCounter]
2020-10-02 20:42:08.395 DEBUG [main] com.haulmont.cuba.gui.components.impl.ActionsImpl - Actions initialized in 237 ms
2020-10-02 20:42:08.478 INFO  [main] com.haulmont.cuba.core.sys.MetadataImpl - Initializing metadata
2020-10-02 20:42:10.351 INFO  [main] com.haulmont.cuba.core.sys.MetadataImpl - Metadata initialized in 1872 ms
2020-10-02 20:42:10.507 INFO  [main] com.haulmont.cuba.core.sys.AbstractWebAppContextLoader - AppContext started
2020-10-02 20:42:12.582 INFO  [main] com.haulmont.cuba.web.sys.CubaDispatcherServlet - Initializing Servlet 'dispatcher'
2020-10-02 20:42:18.786 INFO  [main] com.haulmont.cuba.web.sys.CubaDispatcherServlet - Completed initialization in 6204 ms
2020-10-02 20:42:20.542 INFO  [main] com.haulmont.cuba.core.sys.AbstractWebAppContextLoader - Initializing 'core' block, servlet context path: /app-core
2020-10-02 20:42:20.752 INFO  [main] com.haulmont.cuba.core.sys.AppComponents - Using app components: [com.haulmont.cuba]
2020-10-02 20:42:20.970 INFO  [main] com.haulmont.cuba.core.sys.AbstractWebAppContextLoader - Loading app properties from classpath:com/company/bookshop/app.properties
2020-10-02 20:42:20.980 INFO  [main] com.haulmont.cuba.core.sys.AbstractWebAppContextLoader - Loading app properties from file:C:\Users\Alex\StudioProjects\bookshop\deploy\tomcat/../app_home/local.app.properties
2020-10-02 20:42:21.003 INFO  [main] com.haulmont.cuba.core.sys.AbstractWebAppContextLoader - cuba.webContextName: app-core
2020-10-02 20:42:21.166 INFO  [main] com.haulmont.cuba.core.sys.AppContextLoader - DbmsType of the main database is set to hsql
2020-10-02 20:42:21.349 INFO  [main] com.haulmont.cuba.core.sys.environmentcheck.DataStoresCheck - Checking connection to data store Main
2020-10-02 20:42:23.376 INFO  [main] com.haulmont.cuba.core.sys.environmentcheck.EnvironmentChecksRunner - Environment checks on core module completed successfully
2020-10-02 20:42:25.293 INFO  [main] com.haulmont.cuba.core.sys.persistence.PersistenceConfigProcessor - Creating file C:\Users\Alex\StudioProjects\bookshop\deploy\app_home\app-core\work\persistence.xml
2020-10-02 20:42:54.883 INFO  [main] com.zaxxer.hikari.HikariDataSource - Connection Pool-Main - Starting...
2020-10-02 20:42:55.696 INFO  [main] com.zaxxer.hikari.pool.PoolBase - Connection Pool-Main - Driver does not support get/set network timeout for connections. (feature not supported)
2020-10-02 20:42:55.927 INFO  [main] com.zaxxer.hikari.HikariDataSource - Connection Pool-Main - Start completed.
2020-10-02 20:43:27.730 INFO  [main] com.haulmont.cuba.core.sys.CubaThreadPoolTaskScheduler - Initializing ExecutorService 'scheduler'
2020-10-02 20:43:29.137 INFO  [main] com.haulmont.cuba.core.sys.jmx.MBeanExporter - Registering beans for JMX exposure: [app-core.cuba:type=PersistenceManager, app-core.cuba:type=ConfigStorage, app-core.cuba:type=UserSessions, app-core.cuba:type=UniqueNumbers, app-core.cuba:type=Emailer, app-core.cuba:type=EntityLog, app-core.cuba:type=FileStorage, app-core.cuba:type=LockManager, app-core.cuba:type=CachingFacade, app-core.cuba:type=ClusterManager, app-core.cuba:type=ScriptingManager, app-core.cuba:type=ServerInfo, app-core.cuba:type=Scheduling, app-core.cuba:type=PasswordEncryptionSupport, app-core.cuba:type=JmxNodeIdentifier, app-core.cuba:type=JmxLogControl, app-core.cuba:type=ClassLoaderManager, app-core.cuba:type=StatisticsCounter, app-core.cuba:type=BruteForceProtection, app-core.cuba:type=QueryCacheSupport]
2020-10-02 20:43:32.095 INFO  [main] com.haulmont.cuba.core.sys.MetadataImpl - Initializing metadata
2020-10-02 20:43:33.636 INFO  [main] com.haulmont.cuba.core.sys.MetadataImpl - Metadata initialized in 1537 ms
2020-10-02 20:43:36.894 DEBUG [main] com.haulmont.cuba.security.auth.AnonymousSessionHolder - Initialize anonymous sessions
2020-10-02 20:43:42.545 INFO  [main/app-core/server] com.haulmont.cuba.core.app.ConfigStorage - Loading DB-stored app properties cache
2020-10-02 20:43:45.393 INFO  [main/app-core/server] com.haulmont.cuba.security.auth.AuthenticationManagerBean - Logged in: f5f9b017-5bee-8292-81fd-d56b53beb1a5 [anonymous]
2020-10-02 20:43:45.396 DEBUG [main] com.haulmont.cuba.security.auth.AnonymousSessionHolder - Anonymous session for scope GENERIC_UI initialized with id f5f9b017-5bee-8292-81fd-d56b53beb1a5
2020-10-02 20:43:45.398 INFO  [main] com.haulmont.cuba.core.sys.AbstractWebAppContextLoader - AppContext started
2020-10-02 20:43:45.409 INFO  [main] com.haulmont.cuba.core.sys.remoting.RemotingServlet - Initializing Servlet 'remoting'
2020-10-02 20:43:45.463 DEBUG [cuba_core_scheduler-5] com.haulmont.cuba.core.app.queryresults.QueryResultsManager - Delete query results for inactive user sessions
2020-10-02 20:43:46.197 WARN  [cuba_core_scheduler-3] com.haulmont.cuba.core.jmx.StatisticsCounter - Сonnection pool not found for statistics counting
2020-10-02 20:43:46.219 INFO  [main] com.haulmont.cuba.core.sys.remoting.RemoteServicesBeanCreator - Configuring remote services
2020-10-02 20:43:46.893 INFO  [main] com.haulmont.cuba.core.sys.remoting.RemotingServlet - Completed initialization in 1483 ms
2020-10-02 20:43:47.754 WARN  [http-nio-8080-exec-22] com.vaadin.server.DefaultDeploymentConfiguration - 
=================================================================
Vaadin is running in DEBUG MODE.
Add productionMode=true to web.xml to disable debug features.
To show debug window, add ?debug to your application URL.
=================================================================
2020-10-02 20:43:51.319 DEBUG [http-nio-8080-exec-92] com.haulmont.cuba.web.App - Initializing application
2020-10-02 20:43:51.348 DEBUG [http-nio-8080-exec-92] com.haulmont.cuba.gui.theme.ThemeConstantsRepository - Loading theme constants
2020-10-02 20:43:52.172 DEBUG [http-nio-8080-exec-92] com.haulmont.cuba.web.security.WebAnonymousSessionHolder - Loading anonymous session
2020-10-02 20:43:52.661 DEBUG [http-nio-8080-exec-92] com.haulmont.cuba.web.security.WebAnonymousSessionHolder - Anonymous session loaded with id f5f9b017-5bee-8292-81fd-d56b53beb1a5
2020-10-02 20:43:52.706 DEBUG [http-nio-8080-exec-92/app/anonymous] com.haulmont.cuba.web.DefaultApp - connectionStateChanged connected: true, authenticated: false
2020-10-02 20:43:52.708 DEBUG [http-nio-8080-exec-92/app/anonymous] com.haulmont.cuba.web.App - Closing all windows in all UIs
2020-10-02 20:43:53.278 INFO  [http-nio-8080-exec-92/app/anonymous] com.haulmont.cuba.gui.config.WindowConfig - WindowConfig initialized in 502 ms
2020-10-02 20:44:15.628 INFO  [http-nio-8080-exec-81/app-core/server] com.haulmont.cuba.security.app.role.PredefinedRoleDefinitionRepository - Initializing predefined role definitions
2020-10-02 20:44:15.707 INFO  [http-nio-8080-exec-81/app-core/server] com.haulmont.cuba.security.auth.AuthenticationManagerBean - Logged in: c6a23b76-fee6-18b0-bc7d-9e7e33c582bc [admin]
2020-10-02 20:44:15.742 DEBUG [http-nio-8080-exec-81/app/admin] com.haulmont.cuba.web.DefaultApp - connectionStateChanged connected: true, authenticated: true
2020-10-02 20:44:15.744 DEBUG [http-nio-8080-exec-81/app/admin] com.haulmont.cuba.web.App - Closing all windows in all UIs
2020-10-02 20:44:15.754 DEBUG [http-nio-8080-exec-81/app/admin] com.haulmont.cuba.web.DefaultApp - Session reinitialized: HttpSession=org.apache.catalina.session.StandardSessionFacade@119d4c97, timeout=1800sec, UserSession=c6a23b76-fee6-18b0-bc7d-9e7e33c582bc [admin]
2020-10-02 20:44:17.359 INFO  [http-nio-8080-exec-81/app-core/admin] com.haulmont.cuba.core.sys.AbstractViewRepository - Initializing views
2020-10-02 20:44:17.508 DEBUG [http-nio-8080-exec-81/app-core/admin] com.haulmont.cuba.core.app.StoreFactory - No implementation is specified for _MAIN_ store, using RdbmsStore
2020-10-02 20:44:17.576 DEBUG [http-nio-8080-exec-81/app-core/admin] com.haulmont.cuba.core.app.RdbmsStore - loadList: metaClass=sec$UserSubstitution, view=com.haulmont.cuba.security.entity.UserSubstitution/app, query=Query{queryString='select us from sec$UserSubstitution us where us.user.id = :userId and (us.endDate is null or us.endDate >= :currentDate) and (us.startDate is null or us.startDate <= :currentDate) and (us.substitutedUser.active = true or us.substitutedUser.active is null) order by us.substitutedUser.name', condition=null, sort=null, firstResult=0, maxResults=0}
2020-10-02 20:44:18.312 DEBUG [http-nio-8080-exec-81/app-core/admin] com.haulmont.cuba.security.app.EntityLog - Loading entities
2020-10-02 20:44:18.327 DEBUG [http-nio-8080-exec-81/app-core/admin] com.haulmont.cuba.security.app.EntityLog - Loaded: entitiesAuto=0, entitiesManual=0
2020-10-02 20:44:24.525 INFO  [http-nio-8080-exec-45/app/admin] com.haulmont.cuba.core.sys.AbstractViewRepository - Initializing views
2020-10-02 20:44:24.675 INFO  [http-nio-8080-exec-45/app-core/admin] com.haulmont.cuba.core.app.PersistenceManager - Loading statistics cache
2020-10-02 20:44:25.366 DEBUG [http-nio-8080-exec-45/app-core/admin] com.haulmont.cuba.core.app.RdbmsStore - loadList: metaClass=sec$Filter, view=com.haulmont.cuba.security.entity.FilterEntity/app, query=Query{queryString='select f from sec$Filter f left join f.user u where f.componentId = :component and (u.id = :userId or u is null) order by f.name', condition=null, sort=null, firstResult=0, maxResults=0}
2020-10-02 20:44:25.610 DEBUG [http-nio-8080-exec-45/app-core/admin] com.haulmont.cuba.core.app.RdbmsStore - loadList: metaClass=bookshop_Archive, view=com.company.bookshop.entity.Archive/, query=Query{queryString='select e from bookshop_Archive e', condition=null, sort=null, firstResult=0, maxResults=50}, max=50
2020-10-02 20:44:35.364 DEBUG [http-nio-8080-exec-82/app-core/admin] com.haulmont.cuba.core.app.RdbmsStore - loadList: metaClass=bookshop_Archive, view=com.company.bookshop.entity.Archive/, query=Query{queryString='select e from bookshop_Archive e', condition=null, sort=null, firstResult=0, maxResults=50}, max=50
2020-10-02 20:44:41.319 INFO  [ClientCacheManager-pool-2-thread-1/app-core/server] com.haulmont.cuba.security.auth.AuthenticationManagerBean - Logged in: 88a633da-a2f5-5364-2a20-1fa16ce891e5 [admin]
2020-10-02 20:45:08.132 DEBUG [http-nio-8080-exec-93/app-core/admin] com.haulmont.cuba.core.app.RdbmsStore - commit: commitInstances=[com.company.bookshop.entity.Archive-2627cc5c-02a4-10a1-17ac-47e3ec6c5b5d [new]], removeInstances=[]
2020-10-02 20:46:19.716 DEBUG [http-nio-8080-exec-26/app-core/admin] com.haulmont.cuba.core.app.RdbmsStore - loadList: metaClass=bookshop_Archive, view=com.company.bookshop.entity.Archive/, query=Query{queryString='select e from bookshop_Archive e', condition=null, sort=[author: ASC], firstResult=0, maxResults=50}, max=50
2020-10-02 20:46:31.970 DEBUG [http-nio-8080-exec-49/app-core/admin] com.haulmont.cuba.core.app.RdbmsStore - commit: commitInstances=[com.company.bookshop.entity.Archive-dc0ca832-8d3a-2b26-8e03-4bd945fbf7d0 [new]], removeInstances=[]
2020-10-02 20:46:42.522 DEBUG [http-nio-8080-exec-96/app-core/admin] com.haulmont.cuba.core.app.RdbmsStore - commit: commitInstances=[com.company.bookshop.entity.Archive-36f61435-4b9d-fb32-d3f2-7a203e3f6772 [new]], removeInstances=[]
2020-10-02 20:46:50.599 DEBUG [http-nio-8080-exec-21/app-core/admin] com.haulmont.cuba.core.app.RdbmsStore - loadList: metaClass=bookshop_Archive, view=com.company.bookshop.entity.Archive/, query=Query{queryString='select e from bookshop_Archive e', condition=([where: e.author <> :filter_author77189 ]), sort=[author: ASC], firstResult=0, maxResults=50}, max=50
2020-10-02 20:46:55.510 DEBUG [http-nio-8080-exec-87/app-core/admin] com.haulmont.cuba.core.app.RdbmsStore - loadList: metaClass=bookshop_Archive, view=com.company.bookshop.entity.Archive/, query=Query{queryString='select e from bookshop_Archive e', condition=([where: e.author <> :filter_author77189 ]), sort=[author: DESC], firstResult=0, maxResults=50}, max=50
2020-10-02 20:46:55.711 DEBUG [http-nio-8080-exec-81/app-core/admin] com.haulmont.cuba.core.app.RdbmsStore - load: metaClass=bookshop_Archive, id=2627cc5c-02a4-10a1-17ac-47e3ec6c5b5d, view=com.company.bookshop.entity.Archive/
2020-10-02 20:47:01.163 DEBUG [http-nio-8080-exec-16/app-core/admin] com.haulmont.cuba.core.app.RdbmsStore - loadList: metaClass=sec$Filter, view=com.haulmont.cuba.security.entity.FilterEntity/app, query=Query{queryString='select f from sec$Filter f left join f.user u where f.componentId = :component and (u.id = :userId or u is null) order by f.name', condition=null, sort=null, firstResult=0, maxResults=0}
2020-10-02 20:47:01.197 DEBUG [http-nio-8080-exec-16/app-core/admin] com.haulmont.cuba.core.app.RdbmsStore - loadList: metaClass=bookshop_Archive, view=com.company.bookshop.entity.Archive/, query=Query{queryString='select e from bookshop_Archive e', condition=null, sort=[author: DESC], firstResult=0, maxResults=50}, max=50
2020-10-02 20:47:03.640 DEBUG [http-nio-8080-exec-29/app-core/admin] com.haulmont.cuba.core.app.RdbmsStore - loadList: metaClass=sec$Filter, view=com.haulmont.cuba.security.entity.FilterEntity/app, query=Query{queryString='select f from sec$Filter f left join f.user u where f.componentId = :component and (u.id = :userId or u is null) order by f.name', condition=null, sort=null, firstResult=0, maxResults=0}
2020-10-02 20:47:03.825 DEBUG [http-nio-8080-exec-29/app-core/admin] com.haulmont.cuba.core.app.RdbmsStore - loadList: metaClass=sec$Presentation, view=com.haulmont.cuba.security.entity.Presentation/app, query=Query{queryString='select p from sec$Presentation p where p.componentId = :component and (p.user is null or p.user.id = :userId)', condition=null, sort=null, firstResult=0, maxResults=0}
2020-10-02 20:47:05.671 DEBUG [http-nio-8080-exec-29/app-core/admin] com.haulmont.cuba.core.app.RdbmsStore - loadList: metaClass=sec$User, view=com.haulmont.cuba.security.entity.User/user.browse, query=Query{queryString=' select u from sec$User u ', condition=null, sort=null, firstResult=0, maxResults=50}, max=50
2020-10-02 20:47:06.654 DEBUG [http-nio-8080-exec-5/app-core/admin] com.haulmont.cuba.core.app.RdbmsStore - loadList: metaClass=sec$Filter, view=com.haulmont.cuba.security.entity.FilterEntity/app, query=Query{queryString='select f from sec$Filter f left join f.user u where f.componentId = :component and (u.id = :userId or u is null) order by f.name', condition=null, sort=null, firstResult=0, maxResults=0}
2020-10-02 20:47:07.019 DEBUG [http-nio-8080-exec-5/app-core/admin] com.haulmont.cuba.core.app.RdbmsStore - loadList: metaClass=sec$Presentation, view=com.haulmont.cuba.security.entity.Presentation/app, query=Query{queryString='select p from sec$Presentation p where p.componentId = :component and (p.user is null or p.user.id = :userId)', condition=null, sort=null, firstResult=0, maxResults=0}
2020-10-02 20:47:07.148 DEBUG [http-nio-8080-exec-5/app-core/admin] com.haulmont.cuba.core.app.RdbmsStore - loadList: metaClass=sec$User, view=com.haulmont.cuba.security.entity.User/user.browse, query=Query{queryString=' select u from sec$User u ', condition=null, sort=null, firstResult=0, maxResults=50}, max=50
2020-10-02 20:47:13.087 DEBUG [http-nio-8080-exec-65/app-core/admin] com.haulmont.cuba.core.app.RdbmsStore - loadList: metaClass=sec$Role, view=null, query=Query{queryString='select r from sec$Role r order by r.name', condition=null, sort=null, firstResult=0, maxResults=0}
