2020-10-03 16:56:06.016 INFO  [main] com.haulmont.cuba.core.sys.AbstractWebAppContextLoader - Initializing 'web' block, servlet context path: /app
2020-10-03 16:56:06.556 INFO  [main] com.haulmont.cuba.core.sys.AppComponents - Using app components: [com.haulmont.cuba]
2020-10-03 16:56:06.940 INFO  [main] com.haulmont.cuba.core.sys.AbstractWebAppContextLoader - Loading app properties from classpath:com/company/bookshop/web-app.properties
2020-10-03 16:56:06.966 INFO  [main] com.haulmont.cuba.core.sys.AbstractWebAppContextLoader - Loading app properties from file:C:\Users\Alex\StudioProjects\bookshop\deploy\tomcat/../app_home/local.app.properties
2020-10-03 16:56:07.035 INFO  [main] com.haulmont.cuba.core.sys.AbstractWebAppContextLoader - cuba.webContextName: app
2020-10-03 16:56:08.133 INFO  [main] com.haulmont.cuba.core.sys.environmentcheck.EnvironmentChecksRunner - Environment checks on web module completed successfully
2020-10-03 16:56:21.647 INFO  [main] com.haulmont.cuba.core.sys.remoting.discovery.StaticServerSelector - Server URLs: [http://localhost:8080/app-core/remoting]
2020-10-03 16:56:21.740 INFO  [main] com.haulmont.cuba.web.sys.remoting.WebRemoteProxyBeanCreator - Configuring proxy beans for local service invocations: [cuba_AuthenticationService, cuba_TrustedClientService, cuba_ServerInfoService, cuba_UserSettingService, cuba_UserManagementService, cuba_DataService, cuba_ConfigStorageService, cuba_PersistenceManagerService, cuba_LockService, cuba_UserSessionService, cuba_FoldersService, cuba_EmailService, cuba_FileStorageService, cuba_EntitySnapshotService, cuba_UniqueNumbersService, cuba_LocalizedMessageService, cuba_ResourceService, cuba_ScheduledTasksService, cuba_EntityLogService, cuba_TestingService, cuba_DomainDescriptionService, cuba_RelatedEntitiesService, cuba_EntitySqlGenerationService, cuba_NumberIdService, cuba_QueryResultsService, cuba_DynamicAttributesCacheService, cuba_EntityRestoreService, cuba_LocalFileExchangeService, cuba_EntityImportExportService, cuba_ConstraintLocalizationService, cuba_AttributeAccessService, cuba_ExceptionReportService, cuba_BulkEditorDataService, cuba_PersistenceSecurityService, cuba_AccessGroupsService, cuba_AttributeOptionsLoaderService, cuba_RolesService, cuba_SecurityScopesService, cuba_ScreenProfilerService]
2020-10-03 16:56:24.486 DEBUG [main] org.jboss.logging - Logging Provider: org.jboss.logging.Slf4jLoggerProvider
2020-10-03 16:56:30.183 INFO  [main] com.haulmont.cuba.core.sys.CubaThreadPoolTaskScheduler - Initializing ExecutorService 'scheduler'
2020-10-03 16:56:31.618 INFO  [main] com.haulmont.cuba.core.sys.jmx.MBeanExporter - Registering beans for JMX exposure: [app.cuba:type=ConfigStorage, app.cuba:type=CachingFacade, app.cuba:type=FileUploading, app.cuba:type=JmxNodeIdentifier, app.cuba:type=JmxLogControl, app.cuba:type=ClassLoaderManager, app.cuba:type=StatisticsCounter]
2020-10-03 16:56:32.419 DEBUG [main] com.haulmont.cuba.gui.components.impl.ActionsImpl - Actions initialized in 223 ms
2020-10-03 16:56:32.455 INFO  [main] com.haulmont.cuba.core.sys.MetadataImpl - Initializing metadata
2020-10-03 16:56:33.542 INFO  [main] com.haulmont.cuba.core.sys.MetadataImpl - Metadata initialized in 1087 ms
2020-10-03 16:56:33.628 INFO  [main] com.haulmont.cuba.core.sys.AbstractWebAppContextLoader - AppContext started
2020-10-03 16:56:35.100 INFO  [main] com.haulmont.cuba.web.sys.CubaDispatcherServlet - Initializing Servlet 'dispatcher'
2020-10-03 16:56:37.761 INFO  [main] com.haulmont.cuba.web.sys.CubaDispatcherServlet - Completed initialization in 2661 ms
2020-10-03 16:56:38.547 INFO  [main] com.haulmont.cuba.core.sys.AbstractWebAppContextLoader - Initializing 'core' block, servlet context path: /app-core
2020-10-03 16:56:38.591 INFO  [main] com.haulmont.cuba.core.sys.AppComponents - Using app components: [com.haulmont.cuba]
2020-10-03 16:56:38.665 INFO  [main] com.haulmont.cuba.core.sys.AbstractWebAppContextLoader - Loading app properties from classpath:com/company/bookshop/app.properties
2020-10-03 16:56:38.667 INFO  [main] com.haulmont.cuba.core.sys.AbstractWebAppContextLoader - Loading app properties from file:C:\Users\Alex\StudioProjects\bookshop\deploy\tomcat/../app_home/local.app.properties
2020-10-03 16:56:38.672 INFO  [main] com.haulmont.cuba.core.sys.AbstractWebAppContextLoader - cuba.webContextName: app-core
2020-10-03 16:56:38.711 INFO  [main] com.haulmont.cuba.core.sys.AppContextLoader - DbmsType of the main database is set to hsql
2020-10-03 16:56:38.771 INFO  [main] com.haulmont.cuba.core.sys.environmentcheck.DataStoresCheck - Checking connection to data store Main
2020-10-03 16:56:39.882 INFO  [main] com.haulmont.cuba.core.sys.environmentcheck.EnvironmentChecksRunner - Environment checks on core module completed successfully
2020-10-03 16:56:40.281 INFO  [main] com.haulmont.cuba.core.sys.persistence.PersistenceConfigProcessor - Creating file C:\Users\Alex\StudioProjects\bookshop\deploy\app_home\app-core\work\persistence.xml
2020-10-03 16:56:48.205 INFO  [main] com.zaxxer.hikari.HikariDataSource - Connection Pool-Main - Starting...
2020-10-03 16:56:48.399 INFO  [main] com.zaxxer.hikari.pool.PoolBase - Connection Pool-Main - Driver does not support get/set network timeout for connections. (feature not supported)
2020-10-03 16:56:48.427 INFO  [main] com.zaxxer.hikari.HikariDataSource - Connection Pool-Main - Start completed.
2020-10-03 16:57:00.027 INFO  [main] com.haulmont.cuba.core.sys.CubaThreadPoolTaskScheduler - Initializing ExecutorService 'scheduler'
2020-10-03 16:57:00.674 INFO  [main] com.haulmont.cuba.core.sys.jmx.MBeanExporter - Registering beans for JMX exposure: [app-core.cuba:type=PersistenceManager, app-core.cuba:type=ConfigStorage, app-core.cuba:type=UserSessions, app-core.cuba:type=UniqueNumbers, app-core.cuba:type=Emailer, app-core.cuba:type=EntityLog, app-core.cuba:type=FileStorage, app-core.cuba:type=LockManager, app-core.cuba:type=CachingFacade, app-core.cuba:type=ClusterManager, app-core.cuba:type=ScriptingManager, app-core.cuba:type=ServerInfo, app-core.cuba:type=Scheduling, app-core.cuba:type=PasswordEncryptionSupport, app-core.cuba:type=JmxNodeIdentifier, app-core.cuba:type=JmxLogControl, app-core.cuba:type=ClassLoaderManager, app-core.cuba:type=StatisticsCounter, app-core.cuba:type=BruteForceProtection, app-core.cuba:type=QueryCacheSupport]
2020-10-03 16:57:01.918 INFO  [main] com.haulmont.cuba.core.sys.MetadataImpl - Initializing metadata
2020-10-03 16:57:02.821 INFO  [main] com.haulmont.cuba.core.sys.MetadataImpl - Metadata initialized in 901 ms
2020-10-03 16:57:04.897 DEBUG [main] com.haulmont.cuba.security.auth.AnonymousSessionHolder - Initialize anonymous sessions
2020-10-03 16:57:07.809 INFO  [main/app-core/server] com.haulmont.cuba.core.app.ConfigStorage - Loading DB-stored app properties cache
2020-10-03 16:57:10.057 INFO  [main/app-core/server] com.haulmont.cuba.security.auth.AuthenticationManagerBean - Logged in: f5f9b017-5bee-8292-81fd-d56b53beb1a5 [anonymous]
2020-10-03 16:57:10.060 DEBUG [main] com.haulmont.cuba.security.auth.AnonymousSessionHolder - Anonymous session for scope GENERIC_UI initialized with id f5f9b017-5bee-8292-81fd-d56b53beb1a5
2020-10-03 16:57:10.061 INFO  [main] com.haulmont.cuba.core.sys.AbstractWebAppContextLoader - AppContext started
2020-10-03 16:57:10.082 INFO  [main] com.haulmont.cuba.core.sys.remoting.RemotingServlet - Initializing Servlet 'remoting'
2020-10-03 16:57:10.248 DEBUG [cuba_core_scheduler-5] com.haulmont.cuba.core.app.queryresults.QueryResultsManager - Delete query results for inactive user sessions
2020-10-03 16:57:10.320 INFO  [main] com.haulmont.cuba.core.sys.remoting.RemoteServicesBeanCreator - Configuring remote services
2020-10-03 16:57:10.565 WARN  [cuba_core_scheduler-4] com.haulmont.cuba.core.jmx.StatisticsCounter - Сonnection pool not found for statistics counting
2020-10-03 16:57:11.189 INFO  [main] com.haulmont.cuba.core.sys.remoting.RemotingServlet - Completed initialization in 1104 ms
2020-10-03 16:57:12.844 WARN  [http-nio-8080-exec-19] com.vaadin.server.DefaultDeploymentConfiguration - 
=================================================================
Vaadin is running in DEBUG MODE.
Add productionMode=true to web.xml to disable debug features.
To show debug window, add ?debug to your application URL.
=================================================================
2020-10-03 16:57:20.334 DEBUG [http-nio-8080-exec-50] com.haulmont.cuba.web.App - Initializing application
2020-10-03 16:57:20.372 DEBUG [http-nio-8080-exec-50] com.haulmont.cuba.gui.theme.ThemeConstantsRepository - Loading theme constants
2020-10-03 16:57:20.946 DEBUG [http-nio-8080-exec-50] com.haulmont.cuba.web.security.WebAnonymousSessionHolder - Loading anonymous session
2020-10-03 16:57:21.354 DEBUG [http-nio-8080-exec-50] com.haulmont.cuba.web.security.WebAnonymousSessionHolder - Anonymous session loaded with id f5f9b017-5bee-8292-81fd-d56b53beb1a5
2020-10-03 16:57:21.397 DEBUG [http-nio-8080-exec-50/app/anonymous] com.haulmont.cuba.web.DefaultApp - connectionStateChanged connected: true, authenticated: false
2020-10-03 16:57:21.400 DEBUG [http-nio-8080-exec-50/app/anonymous] com.haulmont.cuba.web.App - Closing all windows in all UIs
2020-10-03 16:57:21.800 INFO  [http-nio-8080-exec-50/app/anonymous] com.haulmont.cuba.gui.config.WindowConfig - WindowConfig initialized in 340 ms
2020-10-03 16:57:25.097 INFO  [http-nio-8080-exec-50/app-core/server] com.haulmont.cuba.security.app.role.PredefinedRoleDefinitionRepository - Initializing predefined role definitions
2020-10-03 16:57:25.223 INFO  [http-nio-8080-exec-50/app-core/server] com.haulmont.cuba.security.auth.AuthenticationManagerBean - Logged in: 5759dfa1-42e3-544c-ed92-d6924ecafa57 [admin]
2020-10-03 16:57:25.280 DEBUG [http-nio-8080-exec-50/app/admin] com.haulmont.cuba.web.DefaultApp - connectionStateChanged connected: true, authenticated: true
2020-10-03 16:57:25.280 DEBUG [http-nio-8080-exec-50/app/admin] com.haulmont.cuba.web.App - Closing all windows in all UIs
2020-10-03 16:57:25.313 DEBUG [http-nio-8080-exec-50/app/admin] com.haulmont.cuba.web.DefaultApp - Session reinitialized: HttpSession=org.apache.catalina.session.StandardSessionFacade@6cc1562c, timeout=1800sec, UserSession=5759dfa1-42e3-544c-ed92-d6924ecafa57 [admin]
2020-10-03 16:57:26.071 INFO  [http-nio-8080-exec-50/app-core/admin] com.haulmont.cuba.core.sys.AbstractViewRepository - Initializing views
2020-10-03 16:57:26.120 DEBUG [http-nio-8080-exec-50/app-core/admin] com.haulmont.cuba.core.app.StoreFactory - No implementation is specified for _MAIN_ store, using RdbmsStore
2020-10-03 16:57:26.180 DEBUG [http-nio-8080-exec-50/app-core/admin] com.haulmont.cuba.core.app.RdbmsStore - loadList: metaClass=sec$UserSubstitution, view=com.haulmont.cuba.security.entity.UserSubstitution/app, query=Query{queryString='select us from sec$UserSubstitution us where us.user.id = :userId and (us.endDate is null or us.endDate >= :currentDate) and (us.startDate is null or us.startDate <= :currentDate) and (us.substitutedUser.active = true or us.substitutedUser.active is null) order by us.substitutedUser.name', condition=null, sort=null, firstResult=0, maxResults=0}
2020-10-03 16:57:33.272 INFO  [http-nio-8080-exec-48/app/admin] com.haulmont.cuba.core.sys.AbstractViewRepository - Initializing views
2020-10-03 16:57:33.460 INFO  [http-nio-8080-exec-48/app-core/admin] com.haulmont.cuba.core.app.PersistenceManager - Loading statistics cache
2020-10-03 16:57:34.304 DEBUG [http-nio-8080-exec-48/app-core/admin] com.haulmont.cuba.core.app.RdbmsStore - loadList: metaClass=sec$Filter, view=com.haulmont.cuba.security.entity.FilterEntity/app, query=Query{queryString='select f from sec$Filter f left join f.user u where f.componentId = :component and (u.id = :userId or u is null) order by f.name', condition=null, sort=null, firstResult=0, maxResults=0}
2020-10-03 16:57:34.639 DEBUG [http-nio-8080-exec-48/app-core/admin] com.haulmont.cuba.core.app.RdbmsStore - loadList: metaClass=bookshop_Archive, view=com.company.bookshop.entity.Archive/, query=Query{queryString='select e from bookshop_Archive e', condition=null, sort=[author: DESC], firstResult=0, maxResults=50}, max=50
2020-10-03 16:57:34.821 ERROR [http-nio-8080-exec-48/app-core/admin] com.haulmont.cuba.core.sys.ServiceInterceptor - Exception: 
javax.persistence.PersistenceException: java.lang.RuntimeException: Error creating UUID from database value '333'
	at org.eclipse.persistence.internal.jpa.QueryImpl.getResultList(QueryImpl.java:493) ~[org.eclipse.persistence.jpa-2.7.3-7-cuba.jar:na]
	at com.haulmont.cuba.core.sys.QueryImpl.getResultFromCache(QueryImpl.java:768) ~[cuba-core-7.2.8.jar:7.2.8]
	at com.haulmont.cuba.core.sys.QueryImpl.getResultList(QueryImpl.java:415) ~[cuba-core-7.2.8.jar:7.2.8]
	at com.haulmont.cuba.core.app.RdbmsStore.executeQuery(RdbmsStore.java:895) ~[cuba-core-7.2.8.jar:7.2.8]
	at com.haulmont.cuba.core.app.RdbmsStore.getResultList(RdbmsStore.java:803) ~[cuba-core-7.2.8.jar:7.2.8]
	at com.haulmont.cuba.core.app.RdbmsStore.loadList(RdbmsStore.java:242) ~[cuba-core-7.2.8.jar:7.2.8]
	at java.base/jdk.internal.reflect.NativeMethodAccessorImpl.invoke0(Native Method) ~[na:na]
	at java.base/jdk.internal.reflect.NativeMethodAccessorImpl.invoke(NativeMethodAccessorImpl.java:62) ~[na:na]
	at java.base/jdk.internal.reflect.DelegatingMethodAccessorImpl.invoke(DelegatingMethodAccessorImpl.java:43) ~[na:na]
	at java.base/java.lang.reflect.Method.invoke(Method.java:566) ~[na:na]
	at org.springframework.aop.support.AopUtils.invokeJoinpointUsingReflection(AopUtils.java:344) ~[spring-aop-5.2.3.RELEASE.jar:5.2.3.RELEASE]
	at org.springframework.aop.framework.ReflectiveMethodInvocation.invokeJoinpoint(ReflectiveMethodInvocation.java:198) ~[spring-aop-5.2.3.RELEASE.jar:5.2.3.RELEASE]
	at org.springframework.aop.framework.ReflectiveMethodInvocation.proceed(ReflectiveMethodInvocation.java:163) ~[spring-aop-5.2.3.RELEASE.jar:5.2.3.RELEASE]
	at org.springframework.aop.interceptor.ExposeInvocationInterceptor.invoke(ExposeInvocationInterceptor.java:95) ~[spring-aop-5.2.3.RELEASE.jar:5.2.3.RELEASE]
	at org.springframework.aop.framework.ReflectiveMethodInvocation.proceed(ReflectiveMethodInvocation.java:186) ~[spring-aop-5.2.3.RELEASE.jar:5.2.3.RELEASE]
	at org.springframework.aop.framework.JdkDynamicAopProxy.invoke(JdkDynamicAopProxy.java:212) ~[spring-aop-5.2.3.RELEASE.jar:5.2.3.RELEASE]
	at com.sun.proxy.$Proxy326.loadList(Unknown Source) ~[na:na]
	at com.haulmont.cuba.core.app.DataManagerBean.loadList(DataManagerBean.java:78) ~[cuba-core-7.2.8.jar:7.2.8]
	at com.haulmont.cuba.core.app.DataServiceBean.loadList(DataServiceBean.java:54) ~[cuba-core-7.2.8.jar:7.2.8]
	at java.base/jdk.internal.reflect.NativeMethodAccessorImpl.invoke0(Native Method) ~[na:na]
	at java.base/jdk.internal.reflect.NativeMethodAccessorImpl.invoke(NativeMethodAccessorImpl.java:62) ~[na:na]
	at java.base/jdk.internal.reflect.DelegatingMethodAccessorImpl.invoke(DelegatingMethodAccessorImpl.java:43) ~[na:na]
	at java.base/java.lang.reflect.Method.invoke(Method.java:566) ~[na:na]
	at org.springframework.aop.support.AopUtils.invokeJoinpointUsingReflection(AopUtils.java:344) ~[spring-aop-5.2.3.RELEASE.jar:5.2.3.RELEASE]
	at org.springframework.aop.framework.ReflectiveMethodInvocation.invokeJoinpoint(ReflectiveMethodInvocation.java:198) ~[spring-aop-5.2.3.RELEASE.jar:5.2.3.RELEASE]
	at org.springframework.aop.framework.ReflectiveMethodInvocation.proceed(ReflectiveMethodInvocation.java:163) ~[spring-aop-5.2.3.RELEASE.jar:5.2.3.RELEASE]
	at org.springframework.aop.aspectj.MethodInvocationProceedingJoinPoint.proceed(MethodInvocationProceedingJoinPoint.java:88) ~[spring-aop-5.2.3.RELEASE.jar:5.2.3.RELEASE]
	at com.haulmont.cuba.core.sys.ServiceInterceptor.aroundInvoke(ServiceInterceptor.java:90) ~[cuba-core-7.2.8.jar:7.2.8]
	at java.base/jdk.internal.reflect.NativeMethodAccessorImpl.invoke0(Native Method) ~[na:na]
	at java.base/jdk.internal.reflect.NativeMethodAccessorImpl.invoke(NativeMethodAccessorImpl.java:62) ~[na:na]
	at java.base/jdk.internal.reflect.DelegatingMethodAccessorImpl.invoke(DelegatingMethodAccessorImpl.java:43) ~[na:na]
	at java.base/java.lang.reflect.Method.invoke(Method.java:566) ~[na:na]
	at org.springframework.aop.aspectj.AbstractAspectJAdvice.invokeAdviceMethodWithGivenArgs(AbstractAspectJAdvice.java:644) ~[spring-aop-5.2.3.RELEASE.jar:5.2.3.RELEASE]
	at org.springframework.aop.aspectj.AbstractAspectJAdvice.invokeAdviceMethod(AbstractAspectJAdvice.java:633) ~[spring-aop-5.2.3.RELEASE.jar:5.2.3.RELEASE]
	at org.springframework.aop.aspectj.AspectJAroundAdvice.invoke(AspectJAroundAdvice.java:70) ~[spring-aop-5.2.3.RELEASE.jar:5.2.3.RELEASE]
	at org.springframework.aop.framework.ReflectiveMethodInvocation.proceed(ReflectiveMethodInvocation.java:175) ~[spring-aop-5.2.3.RELEASE.jar:5.2.3.RELEASE]
	at org.springframework.aop.interceptor.ExposeInvocationInterceptor.invoke(ExposeInvocationInterceptor.java:95) ~[spring-aop-5.2.3.RELEASE.jar:5.2.3.RELEASE]
	at org.springframework.aop.framework.ReflectiveMethodInvocation.proceed(ReflectiveMethodInvocation.java:186) ~[spring-aop-5.2.3.RELEASE.jar:5.2.3.RELEASE]
	at org.springframework.aop.framework.JdkDynamicAopProxy.invoke(JdkDynamicAopProxy.java:212) ~[spring-aop-5.2.3.RELEASE.jar:5.2.3.RELEASE]
	at com.sun.proxy.$Proxy225.loadList(Unknown Source) ~[na:na]
	at java.base/jdk.internal.reflect.NativeMethodAccessorImpl.invoke0(Native Method) ~[na:na]
	at java.base/jdk.internal.reflect.NativeMethodAccessorImpl.invoke(NativeMethodAccessorImpl.java:62) ~[na:na]
	at java.base/jdk.internal.reflect.DelegatingMethodAccessorImpl.invoke(DelegatingMethodAccessorImpl.java:43) ~[na:na]
	at java.base/java.lang.reflect.Method.invoke(Method.java:566) ~[na:na]
	at com.haulmont.cuba.core.sys.remoting.LocalServiceInvokerImpl.invoke(LocalServiceInvokerImpl.java:94) ~[cuba-core-7.2.8.jar:7.2.8]
	at com.haulmont.cuba.web.sys.remoting.LocalServiceProxy$LocalServiceInvocationHandler.invoke(LocalServiceProxy.java:159) ~[na:na]
	at com.sun.proxy.$Proxy34.loadList(Unknown Source) ~[na:na]
	at com.haulmont.cuba.client.sys.DataManagerClientImpl.loadList(DataManagerClientImpl.java:57) ~[na:na]
	at com.haulmont.cuba.gui.model.impl.CollectionLoaderImpl.load(CollectionLoaderImpl.java:107) ~[na:na]
	at com.haulmont.cuba.gui.model.impl.ScreenDataImpl.loadAll(ScreenDataImpl.java:80) ~[na:na]
	at com.haulmont.cuba.gui.model.impl.AnnotationBasedLoaderBeforeShow.loadData(AnnotationBasedLoaderBeforeShow.java:36) ~[na:na]
	at com.haulmont.cuba.web.sys.WebScreens.loadDataBeforeShow(WebScreens.java:554) ~[na:na]
	at com.haulmont.cuba.web.sys.WebScreens.show(WebScreens.java:446) ~[na:na]
	at com.haulmont.cuba.web.sys.WebScreens.showFromNavigation(WebScreens.java:550) ~[na:na]
	at com.haulmont.cuba.gui.config.MenuItemCommands$ScreenCommand.run(MenuItemCommands.java:338) ~[na:na]
	at com.haulmont.cuba.web.sys.SideMenuBuilder$MenuCommandExecutor.accept(SideMenuBuilder.java:264) ~[na:na]
	at com.haulmont.cuba.web.sys.SideMenuBuilder$MenuCommandExecutor.accept(SideMenuBuilder.java:249) ~[na:na]
	at com.haulmont.cuba.web.gui.components.mainwindow.WebSideMenu$MenuItemImpl.menuSelected(WebSideMenu.java:576) ~[na:na]
	at com.haulmont.cuba.web.widgets.CubaSideMenu$1.menuItemTriggered(CubaSideMenu.java:90) ~[na:na]
	at java.base/jdk.internal.reflect.NativeMethodAccessorImpl.invoke0(Native Method) ~[na:na]
	at java.base/jdk.internal.reflect.NativeMethodAccessorImpl.invoke(NativeMethodAccessorImpl.java:62) ~[na:na]
	at java.base/jdk.internal.reflect.DelegatingMethodAccessorImpl.invoke(DelegatingMethodAccessorImpl.java:43) ~[na:na]
	at java.base/java.lang.reflect.Method.invoke(Method.java:566) ~[na:na]
	at com.vaadin.server.ServerRpcManager.applyInvocation(ServerRpcManager.java:153) ~[vaadin-server-8.9.2-15-cuba.jar:8.9.2-15-cuba]
	at com.vaadin.server.ServerRpcManager.applyInvocation(ServerRpcManager.java:115) ~[vaadin-server-8.9.2-15-cuba.jar:8.9.2-15-cuba]
	at com.vaadin.server.communication.ServerRpcHandler.handleInvocation(ServerRpcHandler.java:431) ~[vaadin-server-8.9.2-15-cuba.jar:8.9.2-15-cuba]
	at com.vaadin.server.communication.ServerRpcHandler.handleInvocations(ServerRpcHandler.java:396) ~[vaadin-server-8.9.2-15-cuba.jar:8.9.2-15-cuba]
	at com.vaadin.server.communication.ServerRpcHandler.handleRpc(ServerRpcHandler.java:260) ~[vaadin-server-8.9.2-15-cuba.jar:8.9.2-15-cuba]
	at com.vaadin.server.communication.UidlRequestHandler.synchronizedHandleRequest(UidlRequestHandler.java:82) ~[vaadin-server-8.9.2-15-cuba.jar:8.9.2-15-cuba]
	at com.vaadin.server.SynchronizedRequestHandler.handleRequest(SynchronizedRequestHandler.java:40) ~[vaadin-server-8.9.2-15-cuba.jar:8.9.2-15-cuba]
	at com.vaadin.server.VaadinService.handleRequest(VaadinService.java:1578) ~[vaadin-server-8.9.2-15-cuba.jar:8.9.2-15-cuba]
	at com.vaadin.server.VaadinServlet.service(VaadinServlet.java:425) ~[vaadin-server-8.9.2-15-cuba.jar:8.9.2-15-cuba]
	at com.haulmont.cuba.web.sys.CubaApplicationServlet.serviceAppRequest(CubaApplicationServlet.java:329) ~[na:na]
	at com.haulmont.cuba.web.sys.CubaApplicationServlet.service(CubaApplicationServlet.java:215) ~[na:na]
	at javax.servlet.http.HttpServlet.service(HttpServlet.java:741) ~[servlet-api.jar:na]
	at org.apache.catalina.core.ApplicationFilterChain.internalDoFilter(ApplicationFilterChain.java:231) ~[catalina.jar:9.0.27]
	at org.apache.catalina.core.ApplicationFilterChain.doFilter(ApplicationFilterChain.java:166) ~[catalina.jar:9.0.27]
	at org.apache.tomcat.websocket.server.WsFilter.doFilter(WsFilter.java:53) ~[tomcat-websocket.jar:9.0.27]
	at org.apache.catalina.core.ApplicationFilterChain.internalDoFilter(ApplicationFilterChain.java:193) ~[catalina.jar:9.0.27]
	at org.apache.catalina.core.ApplicationFilterChain.doFilter(ApplicationFilterChain.java:166) ~[catalina.jar:9.0.27]
	at org.springframework.web.filter.CompositeFilter$VirtualFilterChain.doFilter(CompositeFilter.java:108) ~[spring-web-5.2.3.RELEASE.jar:5.2.3.RELEASE]
	at org.springframework.web.filter.CompositeFilter.doFilter(CompositeFilter.java:74) ~[spring-web-5.2.3.RELEASE.jar:5.2.3.RELEASE]
	at com.haulmont.cuba.web.sys.CubaHttpFilter.doFilter(CubaHttpFilter.java:93) ~[na:na]
	at org.apache.catalina.core.ApplicationFilterChain.internalDoFilter(ApplicationFilterChain.java:193) ~[catalina.jar:9.0.27]
	at org.apache.catalina.core.ApplicationFilterChain.doFilter(ApplicationFilterChain.java:166) ~[catalina.jar:9.0.27]
	at org.apache.catalina.core.StandardWrapperValve.invoke(StandardWrapperValve.java:202) ~[catalina.jar:9.0.27]
	at org.apache.catalina.core.StandardContextValve.invoke(StandardContextValve.java:96) ~[catalina.jar:9.0.27]
	at org.apache.catalina.authenticator.AuthenticatorBase.invoke(AuthenticatorBase.java:526) ~[catalina.jar:9.0.27]
	at org.apache.catalina.core.StandardHostValve.invoke(StandardHostValve.java:139) ~[catalina.jar:9.0.27]
	at org.apache.catalina.valves.ErrorReportValve.invoke(ErrorReportValve.java:92) ~[catalina.jar:9.0.27]
	at org.apache.catalina.valves.AbstractAccessLogValve.invoke(AbstractAccessLogValve.java:678) ~[catalina.jar:9.0.27]
	at org.apache.catalina.core.StandardEngineValve.invoke(StandardEngineValve.java:74) ~[catalina.jar:9.0.27]
	at org.apache.catalina.connector.CoyoteAdapter.service(CoyoteAdapter.java:343) ~[catalina.jar:9.0.27]
	at org.apache.coyote.http11.Http11Processor.service(Http11Processor.java:408) ~[tomcat-coyote.jar:9.0.27]
	at org.apache.coyote.AbstractProcessorLight.process(AbstractProcessorLight.java:66) ~[tomcat-coyote.jar:9.0.27]
	at org.apache.coyote.AbstractProtocol$ConnectionHandler.process(AbstractProtocol.java:861) ~[tomcat-coyote.jar:9.0.27]
	at org.apache.tomcat.util.net.NioEndpoint$SocketProcessor.doRun(NioEndpoint.java:1579) ~[tomcat-coyote.jar:9.0.27]
	at org.apache.tomcat.util.net.SocketProcessorBase.run(SocketProcessorBase.java:49) ~[tomcat-coyote.jar:9.0.27]
	at java.base/java.util.concurrent.ThreadPoolExecutor.runWorker(ThreadPoolExecutor.java:1128) ~[na:na]
	at java.base/java.util.concurrent.ThreadPoolExecutor$Worker.run(ThreadPoolExecutor.java:628) ~[na:na]
	at org.apache.tomcat.util.threads.TaskThread$WrappingRunnable.run(TaskThread.java:61) ~[tomcat-util.jar:9.0.27]
	at java.base/java.lang.Thread.run(Thread.java:834) ~[na:na]
Caused by: java.lang.RuntimeException: Error creating UUID from database value '333'
	at com.haulmont.cuba.core.sys.UuidConverter.convertDataValueToObjectValue(UuidConverter.java:72) ~[cuba-global-7.2.8.jar:7.2.8]
	at org.eclipse.persistence.mappings.foundation.AbstractDirectMapping.getObjectValue(AbstractDirectMapping.java:639) ~[org.eclipse.persistence.core-2.7.3-7-cuba.jar:na]
	at org.eclipse.persistence.mappings.foundation.AbstractDirectMapping.valueFromRow(AbstractDirectMapping.java:1255) ~[org.eclipse.persistence.core-2.7.3-7-cuba.jar:na]
	at org.eclipse.persistence.mappings.foundation.AbstractDirectMapping.buildCloneFromRow(AbstractDirectMapping.java:227) ~[org.eclipse.persistence.core-2.7.3-7-cuba.jar:na]
	at org.eclipse.persistence.internal.descriptors.ObjectBuilder.buildAttributesIntoWorkingCopyClone(ObjectBuilder.java:2007) ~[org.eclipse.persistence.core-2.7.3-7-cuba.jar:na]
	at org.eclipse.persistence.internal.descriptors.ObjectBuilder.buildWorkingCopyCloneFromRow(ObjectBuilder.java:2268) ~[org.eclipse.persistence.core-2.7.3-7-cuba.jar:na]
	at org.eclipse.persistence.internal.descriptors.ObjectBuilder.buildObjectInUnitOfWork(ObjectBuilder.java:858) ~[org.eclipse.persistence.core-2.7.3-7-cuba.jar:na]
	at org.eclipse.persistence.internal.descriptors.ObjectBuilder.buildObject(ObjectBuilder.java:745) ~[org.eclipse.persistence.core-2.7.3-7-cuba.jar:na]
	at org.eclipse.persistence.internal.descriptors.ObjectBuilder.buildObject(ObjectBuilder.java:699) ~[org.eclipse.persistence.core-2.7.3-7-cuba.jar:na]
	at org.eclipse.persistence.queries.ObjectLevelReadQuery.buildObject(ObjectLevelReadQuery.java:850) ~[org.eclipse.persistence.core-2.7.3-7-cuba.jar:na]
	at org.eclipse.persistence.queries.ReadAllQuery.registerResultInUnitOfWork(ReadAllQuery.java:968) ~[org.eclipse.persistence.core-2.7.3-7-cuba.jar:na]
	at org.eclipse.persistence.queries.ReadAllQuery.executeObjectLevelReadQuery(ReadAllQuery.java:579) ~[org.eclipse.persistence.core-2.7.3-7-cuba.jar:na]
	at org.eclipse.persistence.queries.ObjectLevelReadQuery.executeDatabaseQuery(ObjectLevelReadQuery.java:1221) ~[org.eclipse.persistence.core-2.7.3-7-cuba.jar:na]
	at org.eclipse.persistence.queries.DatabaseQuery.execute(DatabaseQuery.java:914) ~[org.eclipse.persistence.core-2.7.3-7-cuba.jar:na]
	at org.eclipse.persistence.queries.ObjectLevelReadQuery.execute(ObjectLevelReadQuery.java:1180) ~[org.eclipse.persistence.core-2.7.3-7-cuba.jar:na]
	at org.eclipse.persistence.queries.ReadAllQuery.execute(ReadAllQuery.java:466) ~[org.eclipse.persistence.core-2.7.3-7-cuba.jar:na]
	at org.eclipse.persistence.queries.ObjectLevelReadQuery.executeInUnitOfWork(ObjectLevelReadQuery.java:1268) ~[org.eclipse.persistence.core-2.7.3-7-cuba.jar:na]
	at org.eclipse.persistence.internal.sessions.UnitOfWorkImpl.internalExecuteQuery(UnitOfWorkImpl.java:3020) ~[org.eclipse.persistence.core-2.7.3-7-cuba.jar:na]
	at org.eclipse.persistence.internal.sessions.AbstractSession.executeQuery(AbstractSession.java:1892) ~[org.eclipse.persistence.core-2.7.3-7-cuba.jar:na]
	at org.eclipse.persistence.internal.sessions.AbstractSession.executeQuery(AbstractSession.java:1874) ~[org.eclipse.persistence.core-2.7.3-7-cuba.jar:na]
	at org.eclipse.persistence.internal.sessions.AbstractSession.executeQuery(AbstractSession.java:1839) ~[org.eclipse.persistence.core-2.7.3-7-cuba.jar:na]
	at org.eclipse.persistence.internal.jpa.QueryImpl.executeReadQuery(QueryImpl.java:262) ~[org.eclipse.persistence.jpa-2.7.3-7-cuba.jar:na]
	at org.eclipse.persistence.internal.jpa.QueryImpl.getResultList(QueryImpl.java:482) ~[org.eclipse.persistence.jpa-2.7.3-7-cuba.jar:na]
	... 101 common frames omitted
Caused by: java.lang.IllegalArgumentException: 333
	at com.haulmont.cuba.core.global.UuidProvider.fromString(UuidProvider.java:67) ~[cuba-global-7.2.8.jar:7.2.8]
	at com.haulmont.cuba.core.sys.UuidConverter.convertDataValueToObjectValue(UuidConverter.java:69) ~[cuba-global-7.2.8.jar:7.2.8]
	... 123 common frames omitted
2020-10-03 16:57:35.292 ERROR [http-nio-8080-exec-48/app/admin] com.haulmont.cuba.web.log.AppLog - Exception in com.haulmont.cuba.web.widgets.CubaSideMenu: 
com.vaadin.server.ServerRpcManager$RpcInvocationException: Unable to invoke method menuItemTriggered in com.haulmont.cuba.web.widgets.client.verticalmenu.CubaSideMenuServerRpc
	at com.vaadin.server.ServerRpcManager.applyInvocation(ServerRpcManager.java:157) ~[vaadin-server-8.9.2-15-cuba.jar:8.9.2-15-cuba]
	at com.vaadin.server.ServerRpcManager.applyInvocation(ServerRpcManager.java:115) ~[vaadin-server-8.9.2-15-cuba.jar:8.9.2-15-cuba]
	at com.vaadin.server.communication.ServerRpcHandler.handleInvocation(ServerRpcHandler.java:431) ~[vaadin-server-8.9.2-15-cuba.jar:8.9.2-15-cuba]
	at com.vaadin.server.communication.ServerRpcHandler.handleInvocations(ServerRpcHandler.java:396) ~[vaadin-server-8.9.2-15-cuba.jar:8.9.2-15-cuba]
	at com.vaadin.server.communication.ServerRpcHandler.handleRpc(ServerRpcHandler.java:260) ~[vaadin-server-8.9.2-15-cuba.jar:8.9.2-15-cuba]
	at com.vaadin.server.communication.UidlRequestHandler.synchronizedHandleRequest(UidlRequestHandler.java:82) ~[vaadin-server-8.9.2-15-cuba.jar:8.9.2-15-cuba]
	at com.vaadin.server.SynchronizedRequestHandler.handleRequest(SynchronizedRequestHandler.java:40) ~[vaadin-server-8.9.2-15-cuba.jar:8.9.2-15-cuba]
	at com.vaadin.server.VaadinService.handleRequest(VaadinService.java:1578) ~[vaadin-server-8.9.2-15-cuba.jar:8.9.2-15-cuba]
	at com.vaadin.server.VaadinServlet.service(VaadinServlet.java:425) ~[vaadin-server-8.9.2-15-cuba.jar:8.9.2-15-cuba]
	at com.haulmont.cuba.web.sys.CubaApplicationServlet.serviceAppRequest(CubaApplicationServlet.java:329) ~[cuba-web-7.2.8.jar:7.2.8]
	at com.haulmont.cuba.web.sys.CubaApplicationServlet.service(CubaApplicationServlet.java:215) ~[cuba-web-7.2.8.jar:7.2.8]
	at javax.servlet.http.HttpServlet.service(HttpServlet.java:741) ~[servlet-api.jar:na]
	at org.apache.catalina.core.ApplicationFilterChain.internalDoFilter(ApplicationFilterChain.java:231) ~[catalina.jar:9.0.27]
	at org.apache.catalina.core.ApplicationFilterChain.doFilter(ApplicationFilterChain.java:166) ~[catalina.jar:9.0.27]
	at org.apache.tomcat.websocket.server.WsFilter.doFilter(WsFilter.java:53) ~[tomcat-websocket.jar:9.0.27]
	at org.apache.catalina.core.ApplicationFilterChain.internalDoFilter(ApplicationFilterChain.java:193) ~[catalina.jar:9.0.27]
	at org.apache.catalina.core.ApplicationFilterChain.doFilter(ApplicationFilterChain.java:166) ~[catalina.jar:9.0.27]
	at org.springframework.web.filter.CompositeFilter$VirtualFilterChain.doFilter(CompositeFilter.java:108) ~[spring-web-5.2.3.RELEASE.jar:5.2.3.RELEASE]
	at org.springframework.web.filter.CompositeFilter.doFilter(CompositeFilter.java:74) ~[spring-web-5.2.3.RELEASE.jar:5.2.3.RELEASE]
	at com.haulmont.cuba.web.sys.CubaHttpFilter.doFilter(CubaHttpFilter.java:93) ~[cuba-web-7.2.8.jar:7.2.8]
	at org.apache.catalina.core.ApplicationFilterChain.internalDoFilter(ApplicationFilterChain.java:193) ~[catalina.jar:9.0.27]
	at org.apache.catalina.core.ApplicationFilterChain.doFilter(ApplicationFilterChain.java:166) ~[catalina.jar:9.0.27]
	at org.apache.catalina.core.StandardWrapperValve.invoke(StandardWrapperValve.java:202) ~[catalina.jar:9.0.27]
	at org.apache.catalina.core.StandardContextValve.invoke(StandardContextValve.java:96) ~[catalina.jar:9.0.27]
	at org.apache.catalina.authenticator.AuthenticatorBase.invoke(AuthenticatorBase.java:526) ~[catalina.jar:9.0.27]
	at org.apache.catalina.core.StandardHostValve.invoke(StandardHostValve.java:139) ~[catalina.jar:9.0.27]
	at org.apache.catalina.valves.ErrorReportValve.invoke(ErrorReportValve.java:92) ~[catalina.jar:9.0.27]
	at org.apache.catalina.valves.AbstractAccessLogValve.invoke(AbstractAccessLogValve.java:678) ~[catalina.jar:9.0.27]
	at org.apache.catalina.core.StandardEngineValve.invoke(StandardEngineValve.java:74) ~[catalina.jar:9.0.27]
	at org.apache.catalina.connector.CoyoteAdapter.service(CoyoteAdapter.java:343) ~[catalina.jar:9.0.27]
	at org.apache.coyote.http11.Http11Processor.service(Http11Processor.java:408) ~[tomcat-coyote.jar:9.0.27]
	at org.apache.coyote.AbstractProcessorLight.process(AbstractProcessorLight.java:66) ~[tomcat-coyote.jar:9.0.27]
	at org.apache.coyote.AbstractProtocol$ConnectionHandler.process(AbstractProtocol.java:861) ~[tomcat-coyote.jar:9.0.27]
	at org.apache.tomcat.util.net.NioEndpoint$SocketProcessor.doRun(NioEndpoint.java:1579) ~[tomcat-coyote.jar:9.0.27]
	at org.apache.tomcat.util.net.SocketProcessorBase.run(SocketProcessorBase.java:49) ~[tomcat-coyote.jar:9.0.27]
	at java.base/java.util.concurrent.ThreadPoolExecutor.runWorker(ThreadPoolExecutor.java:1128) ~[na:na]
	at java.base/java.util.concurrent.ThreadPoolExecutor$Worker.run(ThreadPoolExecutor.java:628) ~[na:na]
	at org.apache.tomcat.util.threads.TaskThread$WrappingRunnable.run(TaskThread.java:61) ~[tomcat-util.jar:9.0.27]
	at java.base/java.lang.Thread.run(Thread.java:834) ~[na:na]
Caused by: java.lang.reflect.InvocationTargetException: null
	at java.base/jdk.internal.reflect.NativeMethodAccessorImpl.invoke0(Native Method) ~[na:na]
	at java.base/jdk.internal.reflect.NativeMethodAccessorImpl.invoke(NativeMethodAccessorImpl.java:62) ~[na:na]
	at java.base/jdk.internal.reflect.DelegatingMethodAccessorImpl.invoke(DelegatingMethodAccessorImpl.java:43) ~[na:na]
	at java.base/java.lang.reflect.Method.invoke(Method.java:566) ~[na:na]
	at com.vaadin.server.ServerRpcManager.applyInvocation(ServerRpcManager.java:153) ~[vaadin-server-8.9.2-15-cuba.jar:8.9.2-15-cuba]
	... 38 common frames omitted
Caused by: com.haulmont.cuba.core.global.RemoteException: 333
	at com.haulmont.cuba.core.sys.ServiceInterceptor.aroundInvoke(ServiceInterceptor.java:96) ~[na:na]
	at java.base/jdk.internal.reflect.NativeMethodAccessorImpl.invoke0(Native Method) ~[na:na]
	at java.base/jdk.internal.reflect.NativeMethodAccessorImpl.invoke(NativeMethodAccessorImpl.java:62) ~[na:na]
	at java.base/jdk.internal.reflect.DelegatingMethodAccessorImpl.invoke(DelegatingMethodAccessorImpl.java:43) ~[na:na]
	at java.base/java.lang.reflect.Method.invoke(Method.java:566) ~[na:na]
	at org.springframework.aop.aspectj.AbstractAspectJAdvice.invokeAdviceMethodWithGivenArgs(AbstractAspectJAdvice.java:644) ~[spring-aop-5.2.3.RELEASE.jar:5.2.3.RELEASE]
	at org.springframework.aop.aspectj.AbstractAspectJAdvice.invokeAdviceMethod(AbstractAspectJAdvice.java:633) ~[spring-aop-5.2.3.RELEASE.jar:5.2.3.RELEASE]
	at org.springframework.aop.aspectj.AspectJAroundAdvice.invoke(AspectJAroundAdvice.java:70) ~[spring-aop-5.2.3.RELEASE.jar:5.2.3.RELEASE]
	at org.springframework.aop.framework.ReflectiveMethodInvocation.proceed(ReflectiveMethodInvocation.java:175) ~[spring-aop-5.2.3.RELEASE.jar:5.2.3.RELEASE]
	at org.springframework.aop.interceptor.ExposeInvocationInterceptor.invoke(ExposeInvocationInterceptor.java:95) ~[spring-aop-5.2.3.RELEASE.jar:5.2.3.RELEASE]
	at org.springframework.aop.framework.ReflectiveMethodInvocation.proceed(ReflectiveMethodInvocation.java:186) ~[spring-aop-5.2.3.RELEASE.jar:5.2.3.RELEASE]
	at org.springframework.aop.framework.JdkDynamicAopProxy.invoke(JdkDynamicAopProxy.java:212) ~[spring-aop-5.2.3.RELEASE.jar:5.2.3.RELEASE]
	at com.sun.proxy.$Proxy225.loadList(Unknown Source) ~[na:na]
	at java.base/jdk.internal.reflect.NativeMethodAccessorImpl.invoke0(Native Method) ~[na:na]
	at java.base/jdk.internal.reflect.NativeMethodAccessorImpl.invoke(NativeMethodAccessorImpl.java:62) ~[na:na]
	at java.base/jdk.internal.reflect.DelegatingMethodAccessorImpl.invoke(DelegatingMethodAccessorImpl.java:43) ~[na:na]
	at java.base/java.lang.reflect.Method.invoke(Method.java:566) ~[na:na]
	at com.haulmont.cuba.core.sys.remoting.LocalServiceInvokerImpl.invoke(LocalServiceInvokerImpl.java:94) ~[na:na]
	at com.haulmont.cuba.web.sys.remoting.LocalServiceProxy$LocalServiceInvocationHandler.invoke(LocalServiceProxy.java:159) ~[cuba-web-7.2.8.jar:7.2.8]
	at com.sun.proxy.$Proxy34.loadList(Unknown Source) ~[na:na]
	at com.haulmont.cuba.client.sys.DataManagerClientImpl.loadList(DataManagerClientImpl.java:57) ~[cuba-client-7.2.8.jar:7.2.8]
	at com.haulmont.cuba.gui.model.impl.CollectionLoaderImpl.load(CollectionLoaderImpl.java:107) ~[cuba-gui-7.2.8.jar:7.2.8]
	at com.haulmont.cuba.gui.model.impl.ScreenDataImpl.loadAll(ScreenDataImpl.java:80) ~[cuba-gui-7.2.8.jar:7.2.8]
	at com.haulmont.cuba.gui.model.impl.AnnotationBasedLoaderBeforeShow.loadData(AnnotationBasedLoaderBeforeShow.java:36) ~[cuba-gui-7.2.8.jar:7.2.8]
	at com.haulmont.cuba.web.sys.WebScreens.loadDataBeforeShow(WebScreens.java:554) ~[cuba-web-7.2.8.jar:7.2.8]
	at com.haulmont.cuba.web.sys.WebScreens.show(WebScreens.java:446) ~[cuba-web-7.2.8.jar:7.2.8]
	at com.haulmont.cuba.web.sys.WebScreens.showFromNavigation(WebScreens.java:550) ~[cuba-web-7.2.8.jar:7.2.8]
	at com.haulmont.cuba.gui.config.MenuItemCommands$ScreenCommand.run(MenuItemCommands.java:338) ~[cuba-gui-7.2.8.jar:7.2.8]
	at com.haulmont.cuba.web.sys.SideMenuBuilder$MenuCommandExecutor.accept(SideMenuBuilder.java:264) ~[cuba-web-7.2.8.jar:7.2.8]
	at com.haulmont.cuba.web.sys.SideMenuBuilder$MenuCommandExecutor.accept(SideMenuBuilder.java:249) ~[cuba-web-7.2.8.jar:7.2.8]
	at com.haulmont.cuba.web.gui.components.mainwindow.WebSideMenu$MenuItemImpl.menuSelected(WebSideMenu.java:576) ~[cuba-web-7.2.8.jar:7.2.8]
	at com.haulmont.cuba.web.widgets.CubaSideMenu$1.menuItemTriggered(CubaSideMenu.java:90) ~[cuba-web-widgets-7.2.8.jar:na]
	... 43 common frames omitted
2020-10-03 16:57:48.555 ERROR [http-nio-8080-exec-69/app/admin] com.haulmont.cuba.web.log.AppLog - Exception in com.haulmont.cuba.web.widgets.CubaSideMenu: 
com.vaadin.server.ServerRpcManager$RpcInvocationException: Unable to invoke method menuItemTriggered in com.haulmont.cuba.web.widgets.client.verticalmenu.CubaSideMenuServerRpc
	at com.vaadin.server.ServerRpcManager.applyInvocation(ServerRpcManager.java:157) ~[vaadin-server-8.9.2-15-cuba.jar:8.9.2-15-cuba]
	at com.vaadin.server.ServerRpcManager.applyInvocation(ServerRpcManager.java:115) ~[vaadin-server-8.9.2-15-cuba.jar:8.9.2-15-cuba]
	at com.vaadin.server.communication.ServerRpcHandler.handleInvocation(ServerRpcHandler.java:431) ~[vaadin-server-8.9.2-15-cuba.jar:8.9.2-15-cuba]
	at com.vaadin.server.communication.ServerRpcHandler.handleInvocations(ServerRpcHandler.java:396) ~[vaadin-server-8.9.2-15-cuba.jar:8.9.2-15-cuba]
	at com.vaadin.server.communication.ServerRpcHandler.handleRpc(ServerRpcHandler.java:260) ~[vaadin-server-8.9.2-15-cuba.jar:8.9.2-15-cuba]
	at com.vaadin.server.communication.UidlRequestHandler.synchronizedHandleRequest(UidlRequestHandler.java:82) ~[vaadin-server-8.9.2-15-cuba.jar:8.9.2-15-cuba]
	at com.vaadin.server.SynchronizedRequestHandler.handleRequest(SynchronizedRequestHandler.java:40) ~[vaadin-server-8.9.2-15-cuba.jar:8.9.2-15-cuba]
	at com.vaadin.server.VaadinService.handleRequest(VaadinService.java:1578) ~[vaadin-server-8.9.2-15-cuba.jar:8.9.2-15-cuba]
	at com.vaadin.server.VaadinServlet.service(VaadinServlet.java:425) ~[vaadin-server-8.9.2-15-cuba.jar:8.9.2-15-cuba]
	at com.haulmont.cuba.web.sys.CubaApplicationServlet.serviceAppRequest(CubaApplicationServlet.java:329) ~[cuba-web-7.2.8.jar:7.2.8]
	at com.haulmont.cuba.web.sys.CubaApplicationServlet.service(CubaApplicationServlet.java:215) ~[cuba-web-7.2.8.jar:7.2.8]
	at javax.servlet.http.HttpServlet.service(HttpServlet.java:741) ~[servlet-api.jar:na]
	at org.apache.catalina.core.ApplicationFilterChain.internalDoFilter(ApplicationFilterChain.java:231) ~[catalina.jar:9.0.27]
	at org.apache.catalina.core.ApplicationFilterChain.doFilter(ApplicationFilterChain.java:166) ~[catalina.jar:9.0.27]
	at org.apache.tomcat.websocket.server.WsFilter.doFilter(WsFilter.java:53) ~[tomcat-websocket.jar:9.0.27]
	at org.apache.catalina.core.ApplicationFilterChain.internalDoFilter(ApplicationFilterChain.java:193) ~[catalina.jar:9.0.27]
	at org.apache.catalina.core.ApplicationFilterChain.doFilter(ApplicationFilterChain.java:166) ~[catalina.jar:9.0.27]
	at org.springframework.web.filter.CompositeFilter$VirtualFilterChain.doFilter(CompositeFilter.java:108) ~[spring-web-5.2.3.RELEASE.jar:5.2.3.RELEASE]
	at org.springframework.web.filter.CompositeFilter.doFilter(CompositeFilter.java:74) ~[spring-web-5.2.3.RELEASE.jar:5.2.3.RELEASE]
	at com.haulmont.cuba.web.sys.CubaHttpFilter.doFilter(CubaHttpFilter.java:93) ~[cuba-web-7.2.8.jar:7.2.8]
	at org.apache.catalina.core.ApplicationFilterChain.internalDoFilter(ApplicationFilterChain.java:193) ~[catalina.jar:9.0.27]
	at org.apache.catalina.core.ApplicationFilterChain.doFilter(ApplicationFilterChain.java:166) ~[catalina.jar:9.0.27]
	at org.apache.catalina.core.StandardWrapperValve.invoke(StandardWrapperValve.java:202) ~[catalina.jar:9.0.27]
	at org.apache.catalina.core.StandardContextValve.invoke(StandardContextValve.java:96) ~[catalina.jar:9.0.27]
	at org.apache.catalina.authenticator.AuthenticatorBase.invoke(AuthenticatorBase.java:526) ~[catalina.jar:9.0.27]
	at org.apache.catalina.core.StandardHostValve.invoke(StandardHostValve.java:139) ~[catalina.jar:9.0.27]
	at org.apache.catalina.valves.ErrorReportValve.invoke(ErrorReportValve.java:92) ~[catalina.jar:9.0.27]
	at org.apache.catalina.valves.AbstractAccessLogValve.invoke(AbstractAccessLogValve.java:678) ~[catalina.jar:9.0.27]
	at org.apache.catalina.core.StandardEngineValve.invoke(StandardEngineValve.java:74) ~[catalina.jar:9.0.27]
	at org.apache.catalina.connector.CoyoteAdapter.service(CoyoteAdapter.java:343) ~[catalina.jar:9.0.27]
	at org.apache.coyote.http11.Http11Processor.service(Http11Processor.java:408) ~[tomcat-coyote.jar:9.0.27]
	at org.apache.coyote.AbstractProcessorLight.process(AbstractProcessorLight.java:66) ~[tomcat-coyote.jar:9.0.27]
	at org.apache.coyote.AbstractProtocol$ConnectionHandler.process(AbstractProtocol.java:861) ~[tomcat-coyote.jar:9.0.27]
	at org.apache.tomcat.util.net.NioEndpoint$SocketProcessor.doRun(NioEndpoint.java:1579) ~[tomcat-coyote.jar:9.0.27]
	at org.apache.tomcat.util.net.SocketProcessorBase.run(SocketProcessorBase.java:49) ~[tomcat-coyote.jar:9.0.27]
	at java.base/java.util.concurrent.ThreadPoolExecutor.runWorker(ThreadPoolExecutor.java:1128) ~[na:na]
	at java.base/java.util.concurrent.ThreadPoolExecutor$Worker.run(ThreadPoolExecutor.java:628) ~[na:na]
	at org.apache.tomcat.util.threads.TaskThread$WrappingRunnable.run(TaskThread.java:61) ~[tomcat-util.jar:9.0.27]
	at java.base/java.lang.Thread.run(Thread.java:834) ~[na:na]
Caused by: java.lang.reflect.InvocationTargetException: null
	at java.base/jdk.internal.reflect.NativeMethodAccessorImpl.invoke0(Native Method) ~[na:na]
	at java.base/jdk.internal.reflect.NativeMethodAccessorImpl.invoke(NativeMethodAccessorImpl.java:62) ~[na:na]
	at java.base/jdk.internal.reflect.DelegatingMethodAccessorImpl.invoke(DelegatingMethodAccessorImpl.java:43) ~[na:na]
	at java.base/java.lang.reflect.Method.invoke(Method.java:566) ~[na:na]
	at com.vaadin.server.ServerRpcManager.applyInvocation(ServerRpcManager.java:153) ~[vaadin-server-8.9.2-15-cuba.jar:8.9.2-15-cuba]
	... 38 common frames omitted
Caused by: com.haulmont.cuba.gui.NoSuchScreenException: Screen 'bookshop_' is not defined. Make sure the screen controller is located inside or below the base package specified in <gui:screens> element of web-spring.xml
	at com.haulmont.cuba.gui.config.WindowConfig.getWindowInfo(WindowConfig.java:563) ~[cuba-gui-7.2.8.jar:7.2.8]
	at com.haulmont.cuba.gui.config.MenuItemCommands.loadParams(MenuItemCommands.java:139) ~[cuba-gui-7.2.8.jar:7.2.8]
	at com.haulmont.cuba.gui.config.MenuItemCommands.create(MenuItemCommands.java:89) ~[cuba-gui-7.2.8.jar:7.2.8]
	at com.haulmont.cuba.web.sys.SideMenuBuilder$MenuCommandExecutor.accept(SideMenuBuilder.java:263) ~[cuba-web-7.2.8.jar:7.2.8]
	at com.haulmont.cuba.web.sys.SideMenuBuilder$MenuCommandExecutor.accept(SideMenuBuilder.java:249) ~[cuba-web-7.2.8.jar:7.2.8]
	at com.haulmont.cuba.web.gui.components.mainwindow.WebSideMenu$MenuItemImpl.menuSelected(WebSideMenu.java:576) ~[cuba-web-7.2.8.jar:7.2.8]
	at com.haulmont.cuba.web.widgets.CubaSideMenu$1.menuItemTriggered(CubaSideMenu.java:90) ~[cuba-web-widgets-7.2.8.jar:na]
	... 43 common frames omitted
2020-10-03 16:57:50.920 DEBUG [http-nio-8080-exec-19/app-core/admin] com.haulmont.cuba.core.app.RdbmsStore - loadList: metaClass=sec$Filter, view=com.haulmont.cuba.security.entity.FilterEntity/app, query=Query{queryString='select f from sec$Filter f left join f.user u where f.componentId = :component and (u.id = :userId or u is null) order by f.name', condition=null, sort=null, firstResult=0, maxResults=0}
2020-10-03 16:57:50.972 DEBUG [http-nio-8080-exec-19/app-core/admin] com.haulmont.cuba.core.app.RdbmsStore - loadList: metaClass=bookshop_Archive, view=com.company.bookshop.entity.Archive/, query=Query{queryString='select e from bookshop_Archive e', condition=null, sort=[author: DESC], firstResult=0, maxResults=50}, max=50
2020-10-03 16:57:51.062 ERROR [http-nio-8080-exec-19/app-core/admin] com.haulmont.cuba.core.sys.ServiceInterceptor - Exception: 
javax.persistence.PersistenceException: java.lang.RuntimeException: Error creating UUID from database value '333'
	at org.eclipse.persistence.internal.jpa.QueryImpl.getResultList(QueryImpl.java:493) ~[org.eclipse.persistence.jpa-2.7.3-7-cuba.jar:na]
	at com.haulmont.cuba.core.sys.QueryImpl.getResultFromCache(QueryImpl.java:768) ~[cuba-core-7.2.8.jar:7.2.8]
	at com.haulmont.cuba.core.sys.QueryImpl.getResultList(QueryImpl.java:415) ~[cuba-core-7.2.8.jar:7.2.8]
	at com.haulmont.cuba.core.app.RdbmsStore.executeQuery(RdbmsStore.java:895) ~[cuba-core-7.2.8.jar:7.2.8]
	at com.haulmont.cuba.core.app.RdbmsStore.getResultList(RdbmsStore.java:803) ~[cuba-core-7.2.8.jar:7.2.8]
	at com.haulmont.cuba.core.app.RdbmsStore.loadList(RdbmsStore.java:242) ~[cuba-core-7.2.8.jar:7.2.8]
	at java.base/jdk.internal.reflect.NativeMethodAccessorImpl.invoke0(Native Method) ~[na:na]
	at java.base/jdk.internal.reflect.NativeMethodAccessorImpl.invoke(NativeMethodAccessorImpl.java:62) ~[na:na]
	at java.base/jdk.internal.reflect.DelegatingMethodAccessorImpl.invoke(DelegatingMethodAccessorImpl.java:43) ~[na:na]
	at java.base/java.lang.reflect.Method.invoke(Method.java:566) ~[na:na]
	at org.springframework.aop.support.AopUtils.invokeJoinpointUsingReflection(AopUtils.java:344) ~[spring-aop-5.2.3.RELEASE.jar:5.2.3.RELEASE]
	at org.springframework.aop.framework.ReflectiveMethodInvocation.invokeJoinpoint(ReflectiveMethodInvocation.java:198) ~[spring-aop-5.2.3.RELEASE.jar:5.2.3.RELEASE]
	at org.springframework.aop.framework.ReflectiveMethodInvocation.proceed(ReflectiveMethodInvocation.java:163) ~[spring-aop-5.2.3.RELEASE.jar:5.2.3.RELEASE]
	at org.springframework.aop.interceptor.ExposeInvocationInterceptor.invoke(ExposeInvocationInterceptor.java:95) ~[spring-aop-5.2.3.RELEASE.jar:5.2.3.RELEASE]
	at org.springframework.aop.framework.ReflectiveMethodInvocation.proceed(ReflectiveMethodInvocation.java:186) ~[spring-aop-5.2.3.RELEASE.jar:5.2.3.RELEASE]
	at org.springframework.aop.framework.JdkDynamicAopProxy.invoke(JdkDynamicAopProxy.java:212) ~[spring-aop-5.2.3.RELEASE.jar:5.2.3.RELEASE]
	at com.sun.proxy.$Proxy326.loadList(Unknown Source) ~[na:na]
	at com.haulmont.cuba.core.app.DataManagerBean.loadList(DataManagerBean.java:78) ~[cuba-core-7.2.8.jar:7.2.8]
	at com.haulmont.cuba.core.app.DataServiceBean.loadList(DataServiceBean.java:54) ~[cuba-core-7.2.8.jar:7.2.8]
	at java.base/jdk.internal.reflect.NativeMethodAccessorImpl.invoke0(Native Method) ~[na:na]
	at java.base/jdk.internal.reflect.NativeMethodAccessorImpl.invoke(NativeMethodAccessorImpl.java:62) ~[na:na]
	at java.base/jdk.internal.reflect.DelegatingMethodAccessorImpl.invoke(DelegatingMethodAccessorImpl.java:43) ~[na:na]
	at java.base/java.lang.reflect.Method.invoke(Method.java:566) ~[na:na]
	at org.springframework.aop.support.AopUtils.invokeJoinpointUsingReflection(AopUtils.java:344) ~[spring-aop-5.2.3.RELEASE.jar:5.2.3.RELEASE]
	at org.springframework.aop.framework.ReflectiveMethodInvocation.invokeJoinpoint(ReflectiveMethodInvocation.java:198) ~[spring-aop-5.2.3.RELEASE.jar:5.2.3.RELEASE]
	at org.springframework.aop.framework.ReflectiveMethodInvocation.proceed(ReflectiveMethodInvocation.java:163) ~[spring-aop-5.2.3.RELEASE.jar:5.2.3.RELEASE]
	at org.springframework.aop.aspectj.MethodInvocationProceedingJoinPoint.proceed(MethodInvocationProceedingJoinPoint.java:88) ~[spring-aop-5.2.3.RELEASE.jar:5.2.3.RELEASE]
	at com.haulmont.cuba.core.sys.ServiceInterceptor.aroundInvoke(ServiceInterceptor.java:90) ~[cuba-core-7.2.8.jar:7.2.8]
	at jdk.internal.reflect.GeneratedMethodAccessor115.invoke(Unknown Source) ~[na:na]
	at java.base/jdk.internal.reflect.DelegatingMethodAccessorImpl.invoke(DelegatingMethodAccessorImpl.java:43) ~[na:na]
	at java.base/java.lang.reflect.Method.invoke(Method.java:566) ~[na:na]
	at org.springframework.aop.aspectj.AbstractAspectJAdvice.invokeAdviceMethodWithGivenArgs(AbstractAspectJAdvice.java:644) ~[spring-aop-5.2.3.RELEASE.jar:5.2.3.RELEASE]
	at org.springframework.aop.aspectj.AbstractAspectJAdvice.invokeAdviceMethod(AbstractAspectJAdvice.java:633) ~[spring-aop-5.2.3.RELEASE.jar:5.2.3.RELEASE]
	at org.springframework.aop.aspectj.AspectJAroundAdvice.invoke(AspectJAroundAdvice.java:70) ~[spring-aop-5.2.3.RELEASE.jar:5.2.3.RELEASE]
	at org.springframework.aop.framework.ReflectiveMethodInvocation.proceed(ReflectiveMethodInvocation.java:175) ~[spring-aop-5.2.3.RELEASE.jar:5.2.3.RELEASE]
	at org.springframework.aop.interceptor.ExposeInvocationInterceptor.invoke(ExposeInvocationInterceptor.java:95) ~[spring-aop-5.2.3.RELEASE.jar:5.2.3.RELEASE]
	at org.springframework.aop.framework.ReflectiveMethodInvocation.proceed(ReflectiveMethodInvocation.java:186) ~[spring-aop-5.2.3.RELEASE.jar:5.2.3.RELEASE]
	at org.springframework.aop.framework.JdkDynamicAopProxy.invoke(JdkDynamicAopProxy.java:212) ~[spring-aop-5.2.3.RELEASE.jar:5.2.3.RELEASE]
	at com.sun.proxy.$Proxy225.loadList(Unknown Source) ~[na:na]
	at java.base/jdk.internal.reflect.NativeMethodAccessorImpl.invoke0(Native Method) ~[na:na]
	at java.base/jdk.internal.reflect.NativeMethodAccessorImpl.invoke(NativeMethodAccessorImpl.java:62) ~[na:na]
	at java.base/jdk.internal.reflect.DelegatingMethodAccessorImpl.invoke(DelegatingMethodAccessorImpl.java:43) ~[na:na]
	at java.base/java.lang.reflect.Method.invoke(Method.java:566) ~[na:na]
	at com.haulmont.cuba.core.sys.remoting.LocalServiceInvokerImpl.invoke(LocalServiceInvokerImpl.java:94) ~[cuba-core-7.2.8.jar:7.2.8]
	at com.haulmont.cuba.web.sys.remoting.LocalServiceProxy$LocalServiceInvocationHandler.invoke(LocalServiceProxy.java:159) ~[na:na]
	at com.sun.proxy.$Proxy34.loadList(Unknown Source) ~[na:na]
	at com.haulmont.cuba.client.sys.DataManagerClientImpl.loadList(DataManagerClientImpl.java:57) ~[na:na]
	at com.haulmont.cuba.gui.model.impl.CollectionLoaderImpl.load(CollectionLoaderImpl.java:107) ~[na:na]
	at com.haulmont.cuba.gui.model.impl.ScreenDataImpl.loadAll(ScreenDataImpl.java:80) ~[na:na]
	at com.haulmont.cuba.gui.model.impl.AnnotationBasedLoaderBeforeShow.loadData(AnnotationBasedLoaderBeforeShow.java:36) ~[na:na]
	at com.haulmont.cuba.web.sys.WebScreens.loadDataBeforeShow(WebScreens.java:554) ~[na:na]
	at com.haulmont.cuba.web.sys.WebScreens.show(WebScreens.java:446) ~[na:na]
	at com.haulmont.cuba.web.sys.WebScreens.showFromNavigation(WebScreens.java:550) ~[na:na]
	at com.haulmont.cuba.gui.config.MenuItemCommands$ScreenCommand.run(MenuItemCommands.java:338) ~[na:na]
	at com.haulmont.cuba.web.sys.SideMenuBuilder$MenuCommandExecutor.accept(SideMenuBuilder.java:264) ~[na:na]
	at com.haulmont.cuba.web.sys.SideMenuBuilder$MenuCommandExecutor.accept(SideMenuBuilder.java:249) ~[na:na]
	at com.haulmont.cuba.web.gui.components.mainwindow.WebSideMenu$MenuItemImpl.menuSelected(WebSideMenu.java:576) ~[na:na]
	at com.haulmont.cuba.web.widgets.CubaSideMenu$1.menuItemTriggered(CubaSideMenu.java:90) ~[na:na]
	at java.base/jdk.internal.reflect.NativeMethodAccessorImpl.invoke0(Native Method) ~[na:na]
	at java.base/jdk.internal.reflect.NativeMethodAccessorImpl.invoke(NativeMethodAccessorImpl.java:62) ~[na:na]
	at java.base/jdk.internal.reflect.DelegatingMethodAccessorImpl.invoke(DelegatingMethodAccessorImpl.java:43) ~[na:na]
	at java.base/java.lang.reflect.Method.invoke(Method.java:566) ~[na:na]
	at com.vaadin.server.ServerRpcManager.applyInvocation(ServerRpcManager.java:153) ~[vaadin-server-8.9.2-15-cuba.jar:8.9.2-15-cuba]
	at com.vaadin.server.ServerRpcManager.applyInvocation(ServerRpcManager.java:115) ~[vaadin-server-8.9.2-15-cuba.jar:8.9.2-15-cuba]
	at com.vaadin.server.communication.ServerRpcHandler.handleInvocation(ServerRpcHandler.java:431) ~[vaadin-server-8.9.2-15-cuba.jar:8.9.2-15-cuba]
	at com.vaadin.server.communication.ServerRpcHandler.handleInvocations(ServerRpcHandler.java:396) ~[vaadin-server-8.9.2-15-cuba.jar:8.9.2-15-cuba]
	at com.vaadin.server.communication.ServerRpcHandler.handleRpc(ServerRpcHandler.java:260) ~[vaadin-server-8.9.2-15-cuba.jar:8.9.2-15-cuba]
	at com.vaadin.server.communication.UidlRequestHandler.synchronizedHandleRequest(UidlRequestHandler.java:82) ~[vaadin-server-8.9.2-15-cuba.jar:8.9.2-15-cuba]
	at com.vaadin.server.SynchronizedRequestHandler.handleRequest(SynchronizedRequestHandler.java:40) ~[vaadin-server-8.9.2-15-cuba.jar:8.9.2-15-cuba]
	at com.vaadin.server.VaadinService.handleRequest(VaadinService.java:1578) ~[vaadin-server-8.9.2-15-cuba.jar:8.9.2-15-cuba]
	at com.vaadin.server.VaadinServlet.service(VaadinServlet.java:425) ~[vaadin-server-8.9.2-15-cuba.jar:8.9.2-15-cuba]
	at com.haulmont.cuba.web.sys.CubaApplicationServlet.serviceAppRequest(CubaApplicationServlet.java:329) ~[na:na]
	at com.haulmont.cuba.web.sys.CubaApplicationServlet.service(CubaApplicationServlet.java:215) ~[na:na]
	at javax.servlet.http.HttpServlet.service(HttpServlet.java:741) ~[servlet-api.jar:na]
	at org.apache.catalina.core.ApplicationFilterChain.internalDoFilter(ApplicationFilterChain.java:231) ~[catalina.jar:9.0.27]
	at org.apache.catalina.core.ApplicationFilterChain.doFilter(ApplicationFilterChain.java:166) ~[catalina.jar:9.0.27]
	at org.apache.tomcat.websocket.server.WsFilter.doFilter(WsFilter.java:53) ~[tomcat-websocket.jar:9.0.27]
	at org.apache.catalina.core.ApplicationFilterChain.internalDoFilter(ApplicationFilterChain.java:193) ~[catalina.jar:9.0.27]
	at org.apache.catalina.core.ApplicationFilterChain.doFilter(ApplicationFilterChain.java:166) ~[catalina.jar:9.0.27]
	at org.springframework.web.filter.CompositeFilter$VirtualFilterChain.doFilter(CompositeFilter.java:108) ~[spring-web-5.2.3.RELEASE.jar:5.2.3.RELEASE]
	at org.springframework.web.filter.CompositeFilter.doFilter(CompositeFilter.java:74) ~[spring-web-5.2.3.RELEASE.jar:5.2.3.RELEASE]
	at com.haulmont.cuba.web.sys.CubaHttpFilter.doFilter(CubaHttpFilter.java:93) ~[na:na]
	at org.apache.catalina.core.ApplicationFilterChain.internalDoFilter(ApplicationFilterChain.java:193) ~[catalina.jar:9.0.27]
	at org.apache.catalina.core.ApplicationFilterChain.doFilter(ApplicationFilterChain.java:166) ~[catalina.jar:9.0.27]
	at org.apache.catalina.core.StandardWrapperValve.invoke(StandardWrapperValve.java:202) ~[catalina.jar:9.0.27]
	at org.apache.catalina.core.StandardContextValve.invoke(StandardContextValve.java:96) ~[catalina.jar:9.0.27]
	at org.apache.catalina.authenticator.AuthenticatorBase.invoke(AuthenticatorBase.java:526) ~[catalina.jar:9.0.27]
	at org.apache.catalina.core.StandardHostValve.invoke(StandardHostValve.java:139) ~[catalina.jar:9.0.27]
	at org.apache.catalina.valves.ErrorReportValve.invoke(ErrorReportValve.java:92) ~[catalina.jar:9.0.27]
	at org.apache.catalina.valves.AbstractAccessLogValve.invoke(AbstractAccessLogValve.java:678) ~[catalina.jar:9.0.27]
	at org.apache.catalina.core.StandardEngineValve.invoke(StandardEngineValve.java:74) ~[catalina.jar:9.0.27]
	at org.apache.catalina.connector.CoyoteAdapter.service(CoyoteAdapter.java:343) ~[catalina.jar:9.0.27]
	at org.apache.coyote.http11.Http11Processor.service(Http11Processor.java:408) ~[tomcat-coyote.jar:9.0.27]
	at org.apache.coyote.AbstractProcessorLight.process(AbstractProcessorLight.java:66) ~[tomcat-coyote.jar:9.0.27]
	at org.apache.coyote.AbstractProtocol$ConnectionHandler.process(AbstractProtocol.java:861) ~[tomcat-coyote.jar:9.0.27]
	at org.apache.tomcat.util.net.NioEndpoint$SocketProcessor.doRun(NioEndpoint.java:1579) ~[tomcat-coyote.jar:9.0.27]
	at org.apache.tomcat.util.net.SocketProcessorBase.run(SocketProcessorBase.java:49) ~[tomcat-coyote.jar:9.0.27]
	at java.base/java.util.concurrent.ThreadPoolExecutor.runWorker(ThreadPoolExecutor.java:1128) ~[na:na]
	at java.base/java.util.concurrent.ThreadPoolExecutor$Worker.run(ThreadPoolExecutor.java:628) ~[na:na]
	at org.apache.tomcat.util.threads.TaskThread$WrappingRunnable.run(TaskThread.java:61) ~[tomcat-util.jar:9.0.27]
	at java.base/java.lang.Thread.run(Thread.java:834) ~[na:na]
Caused by: java.lang.RuntimeException: Error creating UUID from database value '333'
	at com.haulmont.cuba.core.sys.UuidConverter.convertDataValueToObjectValue(UuidConverter.java:72) ~[cuba-global-7.2.8.jar:7.2.8]
	at org.eclipse.persistence.mappings.foundation.AbstractDirectMapping.getObjectValue(AbstractDirectMapping.java:639) ~[org.eclipse.persistence.core-2.7.3-7-cuba.jar:na]
	at org.eclipse.persistence.mappings.foundation.AbstractDirectMapping.valueFromRow(AbstractDirectMapping.java:1255) ~[org.eclipse.persistence.core-2.7.3-7-cuba.jar:na]
	at org.eclipse.persistence.mappings.foundation.AbstractDirectMapping.buildCloneFromRow(AbstractDirectMapping.java:227) ~[org.eclipse.persistence.core-2.7.3-7-cuba.jar:na]
	at org.eclipse.persistence.internal.descriptors.ObjectBuilder.buildAttributesIntoWorkingCopyClone(ObjectBuilder.java:2007) ~[org.eclipse.persistence.core-2.7.3-7-cuba.jar:na]
	at org.eclipse.persistence.internal.descriptors.ObjectBuilder.buildWorkingCopyCloneFromRow(ObjectBuilder.java:2268) ~[org.eclipse.persistence.core-2.7.3-7-cuba.jar:na]
	at org.eclipse.persistence.internal.descriptors.ObjectBuilder.buildObjectInUnitOfWork(ObjectBuilder.java:858) ~[org.eclipse.persistence.core-2.7.3-7-cuba.jar:na]
	at org.eclipse.persistence.internal.descriptors.ObjectBuilder.buildObject(ObjectBuilder.java:745) ~[org.eclipse.persistence.core-2.7.3-7-cuba.jar:na]
	at org.eclipse.persistence.internal.descriptors.ObjectBuilder.buildObject(ObjectBuilder.java:699) ~[org.eclipse.persistence.core-2.7.3-7-cuba.jar:na]
	at org.eclipse.persistence.queries.ObjectLevelReadQuery.buildObject(ObjectLevelReadQuery.java:850) ~[org.eclipse.persistence.core-2.7.3-7-cuba.jar:na]
	at org.eclipse.persistence.queries.ReadAllQuery.registerResultInUnitOfWork(ReadAllQuery.java:968) ~[org.eclipse.persistence.core-2.7.3-7-cuba.jar:na]
	at org.eclipse.persistence.queries.ReadAllQuery.executeObjectLevelReadQuery(ReadAllQuery.java:579) ~[org.eclipse.persistence.core-2.7.3-7-cuba.jar:na]
	at org.eclipse.persistence.queries.ObjectLevelReadQuery.executeDatabaseQuery(ObjectLevelReadQuery.java:1221) ~[org.eclipse.persistence.core-2.7.3-7-cuba.jar:na]
	at org.eclipse.persistence.queries.DatabaseQuery.execute(DatabaseQuery.java:914) ~[org.eclipse.persistence.core-2.7.3-7-cuba.jar:na]
	at org.eclipse.persistence.queries.ObjectLevelReadQuery.execute(ObjectLevelReadQuery.java:1180) ~[org.eclipse.persistence.core-2.7.3-7-cuba.jar:na]
	at org.eclipse.persistence.queries.ReadAllQuery.execute(ReadAllQuery.java:466) ~[org.eclipse.persistence.core-2.7.3-7-cuba.jar:na]
	at org.eclipse.persistence.queries.ObjectLevelReadQuery.executeInUnitOfWork(ObjectLevelReadQuery.java:1268) ~[org.eclipse.persistence.core-2.7.3-7-cuba.jar:na]
	at org.eclipse.persistence.internal.sessions.UnitOfWorkImpl.internalExecuteQuery(UnitOfWorkImpl.java:3020) ~[org.eclipse.persistence.core-2.7.3-7-cuba.jar:na]
	at org.eclipse.persistence.internal.sessions.AbstractSession.executeQuery(AbstractSession.java:1892) ~[org.eclipse.persistence.core-2.7.3-7-cuba.jar:na]
	at org.eclipse.persistence.internal.sessions.AbstractSession.executeQuery(AbstractSession.java:1874) ~[org.eclipse.persistence.core-2.7.3-7-cuba.jar:na]
	at org.eclipse.persistence.internal.sessions.AbstractSession.executeQuery(AbstractSession.java:1839) ~[org.eclipse.persistence.core-2.7.3-7-cuba.jar:na]
	at org.eclipse.persistence.internal.jpa.QueryImpl.executeReadQuery(QueryImpl.java:262) ~[org.eclipse.persistence.jpa-2.7.3-7-cuba.jar:na]
	at org.eclipse.persistence.internal.jpa.QueryImpl.getResultList(QueryImpl.java:482) ~[org.eclipse.persistence.jpa-2.7.3-7-cuba.jar:na]
	... 100 common frames omitted
Caused by: java.lang.IllegalArgumentException: 333
	at com.haulmont.cuba.core.global.UuidProvider.fromString(UuidProvider.java:67) ~[cuba-global-7.2.8.jar:7.2.8]
	at com.haulmont.cuba.core.sys.UuidConverter.convertDataValueToObjectValue(UuidConverter.java:69) ~[cuba-global-7.2.8.jar:7.2.8]
	... 122 common frames omitted
2020-10-03 16:57:51.119 ERROR [http-nio-8080-exec-19/app/admin] com.haulmont.cuba.web.log.AppLog - Exception in com.haulmont.cuba.web.widgets.CubaSideMenu: 
com.vaadin.server.ServerRpcManager$RpcInvocationException: Unable to invoke method menuItemTriggered in com.haulmont.cuba.web.widgets.client.verticalmenu.CubaSideMenuServerRpc
	at com.vaadin.server.ServerRpcManager.applyInvocation(ServerRpcManager.java:157) ~[vaadin-server-8.9.2-15-cuba.jar:8.9.2-15-cuba]
	at com.vaadin.server.ServerRpcManager.applyInvocation(ServerRpcManager.java:115) ~[vaadin-server-8.9.2-15-cuba.jar:8.9.2-15-cuba]
	at com.vaadin.server.communication.ServerRpcHandler.handleInvocation(ServerRpcHandler.java:431) ~[vaadin-server-8.9.2-15-cuba.jar:8.9.2-15-cuba]
	at com.vaadin.server.communication.ServerRpcHandler.handleInvocations(ServerRpcHandler.java:396) ~[vaadin-server-8.9.2-15-cuba.jar:8.9.2-15-cuba]
	at com.vaadin.server.communication.ServerRpcHandler.handleRpc(ServerRpcHandler.java:260) ~[vaadin-server-8.9.2-15-cuba.jar:8.9.2-15-cuba]
	at com.vaadin.server.communication.UidlRequestHandler.synchronizedHandleRequest(UidlRequestHandler.java:82) ~[vaadin-server-8.9.2-15-cuba.jar:8.9.2-15-cuba]
	at com.vaadin.server.SynchronizedRequestHandler.handleRequest(SynchronizedRequestHandler.java:40) ~[vaadin-server-8.9.2-15-cuba.jar:8.9.2-15-cuba]
	at com.vaadin.server.VaadinService.handleRequest(VaadinService.java:1578) ~[vaadin-server-8.9.2-15-cuba.jar:8.9.2-15-cuba]
	at com.vaadin.server.VaadinServlet.service(VaadinServlet.java:425) ~[vaadin-server-8.9.2-15-cuba.jar:8.9.2-15-cuba]
	at com.haulmont.cuba.web.sys.CubaApplicationServlet.serviceAppRequest(CubaApplicationServlet.java:329) ~[cuba-web-7.2.8.jar:7.2.8]
	at com.haulmont.cuba.web.sys.CubaApplicationServlet.service(CubaApplicationServlet.java:215) ~[cuba-web-7.2.8.jar:7.2.8]
	at javax.servlet.http.HttpServlet.service(HttpServlet.java:741) ~[servlet-api.jar:na]
	at org.apache.catalina.core.ApplicationFilterChain.internalDoFilter(ApplicationFilterChain.java:231) ~[catalina.jar:9.0.27]
	at org.apache.catalina.core.ApplicationFilterChain.doFilter(ApplicationFilterChain.java:166) ~[catalina.jar:9.0.27]
	at org.apache.tomcat.websocket.server.WsFilter.doFilter(WsFilter.java:53) ~[tomcat-websocket.jar:9.0.27]
	at org.apache.catalina.core.ApplicationFilterChain.internalDoFilter(ApplicationFilterChain.java:193) ~[catalina.jar:9.0.27]
	at org.apache.catalina.core.ApplicationFilterChain.doFilter(ApplicationFilterChain.java:166) ~[catalina.jar:9.0.27]
	at org.springframework.web.filter.CompositeFilter$VirtualFilterChain.doFilter(CompositeFilter.java:108) ~[spring-web-5.2.3.RELEASE.jar:5.2.3.RELEASE]
	at org.springframework.web.filter.CompositeFilter.doFilter(CompositeFilter.java:74) ~[spring-web-5.2.3.RELEASE.jar:5.2.3.RELEASE]
	at com.haulmont.cuba.web.sys.CubaHttpFilter.doFilter(CubaHttpFilter.java:93) ~[cuba-web-7.2.8.jar:7.2.8]
	at org.apache.catalina.core.ApplicationFilterChain.internalDoFilter(ApplicationFilterChain.java:193) ~[catalina.jar:9.0.27]
	at org.apache.catalina.core.ApplicationFilterChain.doFilter(ApplicationFilterChain.java:166) ~[catalina.jar:9.0.27]
	at org.apache.catalina.core.StandardWrapperValve.invoke(StandardWrapperValve.java:202) ~[catalina.jar:9.0.27]
	at org.apache.catalina.core.StandardContextValve.invoke(StandardContextValve.java:96) ~[catalina.jar:9.0.27]
	at org.apache.catalina.authenticator.AuthenticatorBase.invoke(AuthenticatorBase.java:526) ~[catalina.jar:9.0.27]
	at org.apache.catalina.core.StandardHostValve.invoke(StandardHostValve.java:139) ~[catalina.jar:9.0.27]
	at org.apache.catalina.valves.ErrorReportValve.invoke(ErrorReportValve.java:92) ~[catalina.jar:9.0.27]
	at org.apache.catalina.valves.AbstractAccessLogValve.invoke(AbstractAccessLogValve.java:678) ~[catalina.jar:9.0.27]
	at org.apache.catalina.core.StandardEngineValve.invoke(StandardEngineValve.java:74) ~[catalina.jar:9.0.27]
	at org.apache.catalina.connector.CoyoteAdapter.service(CoyoteAdapter.java:343) ~[catalina.jar:9.0.27]
	at org.apache.coyote.http11.Http11Processor.service(Http11Processor.java:408) ~[tomcat-coyote.jar:9.0.27]
	at org.apache.coyote.AbstractProcessorLight.process(AbstractProcessorLight.java:66) ~[tomcat-coyote.jar:9.0.27]
	at org.apache.coyote.AbstractProtocol$ConnectionHandler.process(AbstractProtocol.java:861) ~[tomcat-coyote.jar:9.0.27]
	at org.apache.tomcat.util.net.NioEndpoint$SocketProcessor.doRun(NioEndpoint.java:1579) ~[tomcat-coyote.jar:9.0.27]
	at org.apache.tomcat.util.net.SocketProcessorBase.run(SocketProcessorBase.java:49) ~[tomcat-coyote.jar:9.0.27]
	at java.base/java.util.concurrent.ThreadPoolExecutor.runWorker(ThreadPoolExecutor.java:1128) ~[na:na]
	at java.base/java.util.concurrent.ThreadPoolExecutor$Worker.run(ThreadPoolExecutor.java:628) ~[na:na]
	at org.apache.tomcat.util.threads.TaskThread$WrappingRunnable.run(TaskThread.java:61) ~[tomcat-util.jar:9.0.27]
	at java.base/java.lang.Thread.run(Thread.java:834) ~[na:na]
Caused by: java.lang.reflect.InvocationTargetException: null
	at java.base/jdk.internal.reflect.NativeMethodAccessorImpl.invoke0(Native Method) ~[na:na]
	at java.base/jdk.internal.reflect.NativeMethodAccessorImpl.invoke(NativeMethodAccessorImpl.java:62) ~[na:na]
	at java.base/jdk.internal.reflect.DelegatingMethodAccessorImpl.invoke(DelegatingMethodAccessorImpl.java:43) ~[na:na]
	at java.base/java.lang.reflect.Method.invoke(Method.java:566) ~[na:na]
	at com.vaadin.server.ServerRpcManager.applyInvocation(ServerRpcManager.java:153) ~[vaadin-server-8.9.2-15-cuba.jar:8.9.2-15-cuba]
	... 38 common frames omitted
Caused by: com.haulmont.cuba.core.global.RemoteException: 333
	at com.haulmont.cuba.core.sys.ServiceInterceptor.aroundInvoke(ServiceInterceptor.java:96) ~[na:na]
	at jdk.internal.reflect.GeneratedMethodAccessor115.invoke(Unknown Source) ~[na:na]
	at java.base/jdk.internal.reflect.DelegatingMethodAccessorImpl.invoke(DelegatingMethodAccessorImpl.java:43) ~[na:na]
	at java.base/java.lang.reflect.Method.invoke(Method.java:566) ~[na:na]
	at org.springframework.aop.aspectj.AbstractAspectJAdvice.invokeAdviceMethodWithGivenArgs(AbstractAspectJAdvice.java:644) ~[spring-aop-5.2.3.RELEASE.jar:5.2.3.RELEASE]
	at org.springframework.aop.aspectj.AbstractAspectJAdvice.invokeAdviceMethod(AbstractAspectJAdvice.java:633) ~[spring-aop-5.2.3.RELEASE.jar:5.2.3.RELEASE]
	at org.springframework.aop.aspectj.AspectJAroundAdvice.invoke(AspectJAroundAdvice.java:70) ~[spring-aop-5.2.3.RELEASE.jar:5.2.3.RELEASE]
	at org.springframework.aop.framework.ReflectiveMethodInvocation.proceed(ReflectiveMethodInvocation.java:175) ~[spring-aop-5.2.3.RELEASE.jar:5.2.3.RELEASE]
	at org.springframework.aop.interceptor.ExposeInvocationInterceptor.invoke(ExposeInvocationInterceptor.java:95) ~[spring-aop-5.2.3.RELEASE.jar:5.2.3.RELEASE]
	at org.springframework.aop.framework.ReflectiveMethodInvocation.proceed(ReflectiveMethodInvocation.java:186) ~[spring-aop-5.2.3.RELEASE.jar:5.2.3.RELEASE]
	at org.springframework.aop.framework.JdkDynamicAopProxy.invoke(JdkDynamicAopProxy.java:212) ~[spring-aop-5.2.3.RELEASE.jar:5.2.3.RELEASE]
	at com.sun.proxy.$Proxy225.loadList(Unknown Source) ~[na:na]
	at java.base/jdk.internal.reflect.NativeMethodAccessorImpl.invoke0(Native Method) ~[na:na]
	at java.base/jdk.internal.reflect.NativeMethodAccessorImpl.invoke(NativeMethodAccessorImpl.java:62) ~[na:na]
	at java.base/jdk.internal.reflect.DelegatingMethodAccessorImpl.invoke(DelegatingMethodAccessorImpl.java:43) ~[na:na]
	at java.base/java.lang.reflect.Method.invoke(Method.java:566) ~[na:na]
	at com.haulmont.cuba.core.sys.remoting.LocalServiceInvokerImpl.invoke(LocalServiceInvokerImpl.java:94) ~[na:na]
	at com.haulmont.cuba.web.sys.remoting.LocalServiceProxy$LocalServiceInvocationHandler.invoke(LocalServiceProxy.java:159) ~[cuba-web-7.2.8.jar:7.2.8]
	at com.sun.proxy.$Proxy34.loadList(Unknown Source) ~[na:na]
	at com.haulmont.cuba.client.sys.DataManagerClientImpl.loadList(DataManagerClientImpl.java:57) ~[cuba-client-7.2.8.jar:7.2.8]
	at com.haulmont.cuba.gui.model.impl.CollectionLoaderImpl.load(CollectionLoaderImpl.java:107) ~[cuba-gui-7.2.8.jar:7.2.8]
	at com.haulmont.cuba.gui.model.impl.ScreenDataImpl.loadAll(ScreenDataImpl.java:80) ~[cuba-gui-7.2.8.jar:7.2.8]
	at com.haulmont.cuba.gui.model.impl.AnnotationBasedLoaderBeforeShow.loadData(AnnotationBasedLoaderBeforeShow.java:36) ~[cuba-gui-7.2.8.jar:7.2.8]
	at com.haulmont.cuba.web.sys.WebScreens.loadDataBeforeShow(WebScreens.java:554) ~[cuba-web-7.2.8.jar:7.2.8]
	at com.haulmont.cuba.web.sys.WebScreens.show(WebScreens.java:446) ~[cuba-web-7.2.8.jar:7.2.8]
	at com.haulmont.cuba.web.sys.WebScreens.showFromNavigation(WebScreens.java:550) ~[cuba-web-7.2.8.jar:7.2.8]
	at com.haulmont.cuba.gui.config.MenuItemCommands$ScreenCommand.run(MenuItemCommands.java:338) ~[cuba-gui-7.2.8.jar:7.2.8]
	at com.haulmont.cuba.web.sys.SideMenuBuilder$MenuCommandExecutor.accept(SideMenuBuilder.java:264) ~[cuba-web-7.2.8.jar:7.2.8]
	at com.haulmont.cuba.web.sys.SideMenuBuilder$MenuCommandExecutor.accept(SideMenuBuilder.java:249) ~[cuba-web-7.2.8.jar:7.2.8]
	at com.haulmont.cuba.web.gui.components.mainwindow.WebSideMenu$MenuItemImpl.menuSelected(WebSideMenu.java:576) ~[cuba-web-7.2.8.jar:7.2.8]
	at com.haulmont.cuba.web.widgets.CubaSideMenu$1.menuItemTriggered(CubaSideMenu.java:90) ~[cuba-web-widgets-7.2.8.jar:na]
	... 43 common frames omitted
2020-10-03 16:57:53.793 INFO  [ClientCacheManager-pool-2-thread-1/app-core/server] com.haulmont.cuba.security.auth.AuthenticationManagerBean - Logged in: e8414c77-1d74-2955-bc9d-444c359952c9 [admin]
2020-10-03 16:58:03.158 DEBUG [http-nio-8080-exec-37/app-core/admin] com.haulmont.cuba.core.app.RdbmsStore - loadList: metaClass=sec$Filter, view=com.haulmont.cuba.security.entity.FilterEntity/app, query=Query{queryString='select f from sec$Filter f left join f.user u where f.componentId = :component and (u.id = :userId or u is null) order by f.name', condition=null, sort=null, firstResult=0, maxResults=0}
2020-10-03 16:58:03.202 DEBUG [http-nio-8080-exec-37/app-core/admin] com.haulmont.cuba.core.app.RdbmsStore - loadList: metaClass=bookshop_Archive, view=com.company.bookshop.entity.Archive/, query=Query{queryString='select e from bookshop_Archive e', condition=null, sort=[author: DESC], firstResult=0, maxResults=50}, max=50
2020-10-03 16:58:03.302 ERROR [http-nio-8080-exec-37/app-core/admin] com.haulmont.cuba.core.sys.ServiceInterceptor - Exception: 
javax.persistence.PersistenceException: java.lang.RuntimeException: Error creating UUID from database value '333'
	at org.eclipse.persistence.internal.jpa.QueryImpl.getResultList(QueryImpl.java:493) ~[org.eclipse.persistence.jpa-2.7.3-7-cuba.jar:na]
	at com.haulmont.cuba.core.sys.QueryImpl.getResultFromCache(QueryImpl.java:768) ~[cuba-core-7.2.8.jar:7.2.8]
	at com.haulmont.cuba.core.sys.QueryImpl.getResultList(QueryImpl.java:415) ~[cuba-core-7.2.8.jar:7.2.8]
	at com.haulmont.cuba.core.app.RdbmsStore.executeQuery(RdbmsStore.java:895) ~[cuba-core-7.2.8.jar:7.2.8]
	at com.haulmont.cuba.core.app.RdbmsStore.getResultList(RdbmsStore.java:803) ~[cuba-core-7.2.8.jar:7.2.8]
	at com.haulmont.cuba.core.app.RdbmsStore.loadList(RdbmsStore.java:242) ~[cuba-core-7.2.8.jar:7.2.8]
	at java.base/jdk.internal.reflect.NativeMethodAccessorImpl.invoke0(Native Method) ~[na:na]
	at java.base/jdk.internal.reflect.NativeMethodAccessorImpl.invoke(NativeMethodAccessorImpl.java:62) ~[na:na]
	at java.base/jdk.internal.reflect.DelegatingMethodAccessorImpl.invoke(DelegatingMethodAccessorImpl.java:43) ~[na:na]
	at java.base/java.lang.reflect.Method.invoke(Method.java:566) ~[na:na]
	at org.springframework.aop.support.AopUtils.invokeJoinpointUsingReflection(AopUtils.java:344) ~[spring-aop-5.2.3.RELEASE.jar:5.2.3.RELEASE]
	at org.springframework.aop.framework.ReflectiveMethodInvocation.invokeJoinpoint(ReflectiveMethodInvocation.java:198) ~[spring-aop-5.2.3.RELEASE.jar:5.2.3.RELEASE]
	at org.springframework.aop.framework.ReflectiveMethodInvocation.proceed(ReflectiveMethodInvocation.java:163) ~[spring-aop-5.2.3.RELEASE.jar:5.2.3.RELEASE]
	at org.springframework.aop.interceptor.ExposeInvocationInterceptor.invoke(ExposeInvocationInterceptor.java:95) ~[spring-aop-5.2.3.RELEASE.jar:5.2.3.RELEASE]
	at org.springframework.aop.framework.ReflectiveMethodInvocation.proceed(ReflectiveMethodInvocation.java:186) ~[spring-aop-5.2.3.RELEASE.jar:5.2.3.RELEASE]
	at org.springframework.aop.framework.JdkDynamicAopProxy.invoke(JdkDynamicAopProxy.java:212) ~[spring-aop-5.2.3.RELEASE.jar:5.2.3.RELEASE]
	at com.sun.proxy.$Proxy326.loadList(Unknown Source) ~[na:na]
	at com.haulmont.cuba.core.app.DataManagerBean.loadList(DataManagerBean.java:78) ~[cuba-core-7.2.8.jar:7.2.8]
	at com.haulmont.cuba.core.app.DataServiceBean.loadList(DataServiceBean.java:54) ~[cuba-core-7.2.8.jar:7.2.8]
	at java.base/jdk.internal.reflect.NativeMethodAccessorImpl.invoke0(Native Method) ~[na:na]
	at java.base/jdk.internal.reflect.NativeMethodAccessorImpl.invoke(NativeMethodAccessorImpl.java:62) ~[na:na]
	at java.base/jdk.internal.reflect.DelegatingMethodAccessorImpl.invoke(DelegatingMethodAccessorImpl.java:43) ~[na:na]
	at java.base/java.lang.reflect.Method.invoke(Method.java:566) ~[na:na]
	at org.springframework.aop.support.AopUtils.invokeJoinpointUsingReflection(AopUtils.java:344) ~[spring-aop-5.2.3.RELEASE.jar:5.2.3.RELEASE]
	at org.springframework.aop.framework.ReflectiveMethodInvocation.invokeJoinpoint(ReflectiveMethodInvocation.java:198) ~[spring-aop-5.2.3.RELEASE.jar:5.2.3.RELEASE]
	at org.springframework.aop.framework.ReflectiveMethodInvocation.proceed(ReflectiveMethodInvocation.java:163) ~[spring-aop-5.2.3.RELEASE.jar:5.2.3.RELEASE]
	at org.springframework.aop.aspectj.MethodInvocationProceedingJoinPoint.proceed(MethodInvocationProceedingJoinPoint.java:88) ~[spring-aop-5.2.3.RELEASE.jar:5.2.3.RELEASE]
	at com.haulmont.cuba.core.sys.ServiceInterceptor.aroundInvoke(ServiceInterceptor.java:90) ~[cuba-core-7.2.8.jar:7.2.8]
	at jdk.internal.reflect.GeneratedMethodAccessor115.invoke(Unknown Source) ~[na:na]
	at java.base/jdk.internal.reflect.DelegatingMethodAccessorImpl.invoke(DelegatingMethodAccessorImpl.java:43) ~[na:na]
	at java.base/java.lang.reflect.Method.invoke(Method.java:566) ~[na:na]
	at org.springframework.aop.aspectj.AbstractAspectJAdvice.invokeAdviceMethodWithGivenArgs(AbstractAspectJAdvice.java:644) ~[spring-aop-5.2.3.RELEASE.jar:5.2.3.RELEASE]
	at org.springframework.aop.aspectj.AbstractAspectJAdvice.invokeAdviceMethod(AbstractAspectJAdvice.java:633) ~[spring-aop-5.2.3.RELEASE.jar:5.2.3.RELEASE]
	at org.springframework.aop.aspectj.AspectJAroundAdvice.invoke(AspectJAroundAdvice.java:70) ~[spring-aop-5.2.3.RELEASE.jar:5.2.3.RELEASE]
	at org.springframework.aop.framework.ReflectiveMethodInvocation.proceed(ReflectiveMethodInvocation.java:175) ~[spring-aop-5.2.3.RELEASE.jar:5.2.3.RELEASE]
	at org.springframework.aop.interceptor.ExposeInvocationInterceptor.invoke(ExposeInvocationInterceptor.java:95) ~[spring-aop-5.2.3.RELEASE.jar:5.2.3.RELEASE]
	at org.springframework.aop.framework.ReflectiveMethodInvocation.proceed(ReflectiveMethodInvocation.java:186) ~[spring-aop-5.2.3.RELEASE.jar:5.2.3.RELEASE]
	at org.springframework.aop.framework.JdkDynamicAopProxy.invoke(JdkDynamicAopProxy.java:212) ~[spring-aop-5.2.3.RELEASE.jar:5.2.3.RELEASE]
	at com.sun.proxy.$Proxy225.loadList(Unknown Source) ~[na:na]
	at java.base/jdk.internal.reflect.NativeMethodAccessorImpl.invoke0(Native Method) ~[na:na]
	at java.base/jdk.internal.reflect.NativeMethodAccessorImpl.invoke(NativeMethodAccessorImpl.java:62) ~[na:na]
	at java.base/jdk.internal.reflect.DelegatingMethodAccessorImpl.invoke(DelegatingMethodAccessorImpl.java:43) ~[na:na]
	at java.base/java.lang.reflect.Method.invoke(Method.java:566) ~[na:na]
	at com.haulmont.cuba.core.sys.remoting.LocalServiceInvokerImpl.invoke(LocalServiceInvokerImpl.java:94) ~[cuba-core-7.2.8.jar:7.2.8]
	at com.haulmont.cuba.web.sys.remoting.LocalServiceProxy$LocalServiceInvocationHandler.invoke(LocalServiceProxy.java:159) ~[na:na]
	at com.sun.proxy.$Proxy34.loadList(Unknown Source) ~[na:na]
	at com.haulmont.cuba.client.sys.DataManagerClientImpl.loadList(DataManagerClientImpl.java:57) ~[na:na]
	at com.haulmont.cuba.gui.model.impl.CollectionLoaderImpl.load(CollectionLoaderImpl.java:107) ~[na:na]
	at com.haulmont.cuba.gui.model.impl.ScreenDataImpl.loadAll(ScreenDataImpl.java:80) ~[na:na]
	at com.haulmont.cuba.gui.model.impl.AnnotationBasedLoaderBeforeShow.loadData(AnnotationBasedLoaderBeforeShow.java:36) ~[na:na]
	at com.haulmont.cuba.web.sys.WebScreens.loadDataBeforeShow(WebScreens.java:554) ~[na:na]
	at com.haulmont.cuba.web.sys.WebScreens.show(WebScreens.java:446) ~[na:na]
	at com.haulmont.cuba.web.sys.WebScreens.showFromNavigation(WebScreens.java:550) ~[na:na]
	at com.haulmont.cuba.gui.config.MenuItemCommands$ScreenCommand.run(MenuItemCommands.java:338) ~[na:na]
	at com.haulmont.cuba.web.sys.SideMenuBuilder$MenuCommandExecutor.accept(SideMenuBuilder.java:264) ~[na:na]
	at com.haulmont.cuba.web.sys.SideMenuBuilder$MenuCommandExecutor.accept(SideMenuBuilder.java:249) ~[na:na]
	at com.haulmont.cuba.web.gui.components.mainwindow.WebSideMenu$MenuItemImpl.menuSelected(WebSideMenu.java:576) ~[na:na]
	at com.haulmont.cuba.web.widgets.CubaSideMenu$1.menuItemTriggered(CubaSideMenu.java:90) ~[na:na]
	at java.base/jdk.internal.reflect.NativeMethodAccessorImpl.invoke0(Native Method) ~[na:na]
	at java.base/jdk.internal.reflect.NativeMethodAccessorImpl.invoke(NativeMethodAccessorImpl.java:62) ~[na:na]
	at java.base/jdk.internal.reflect.DelegatingMethodAccessorImpl.invoke(DelegatingMethodAccessorImpl.java:43) ~[na:na]
	at java.base/java.lang.reflect.Method.invoke(Method.java:566) ~[na:na]
	at com.vaadin.server.ServerRpcManager.applyInvocation(ServerRpcManager.java:153) ~[vaadin-server-8.9.2-15-cuba.jar:8.9.2-15-cuba]
	at com.vaadin.server.ServerRpcManager.applyInvocation(ServerRpcManager.java:115) ~[vaadin-server-8.9.2-15-cuba.jar:8.9.2-15-cuba]
	at com.vaadin.server.communication.ServerRpcHandler.handleInvocation(ServerRpcHandler.java:431) ~[vaadin-server-8.9.2-15-cuba.jar:8.9.2-15-cuba]
	at com.vaadin.server.communication.ServerRpcHandler.handleInvocations(ServerRpcHandler.java:396) ~[vaadin-server-8.9.2-15-cuba.jar:8.9.2-15-cuba]
	at com.vaadin.server.communication.ServerRpcHandler.handleRpc(ServerRpcHandler.java:260) ~[vaadin-server-8.9.2-15-cuba.jar:8.9.2-15-cuba]
	at com.vaadin.server.communication.UidlRequestHandler.synchronizedHandleRequest(UidlRequestHandler.java:82) ~[vaadin-server-8.9.2-15-cuba.jar:8.9.2-15-cuba]
	at com.vaadin.server.SynchronizedRequestHandler.handleRequest(SynchronizedRequestHandler.java:40) ~[vaadin-server-8.9.2-15-cuba.jar:8.9.2-15-cuba]
	at com.vaadin.server.VaadinService.handleRequest(VaadinService.java:1578) ~[vaadin-server-8.9.2-15-cuba.jar:8.9.2-15-cuba]
	at com.vaadin.server.VaadinServlet.service(VaadinServlet.java:425) ~[vaadin-server-8.9.2-15-cuba.jar:8.9.2-15-cuba]
	at com.haulmont.cuba.web.sys.CubaApplicationServlet.serviceAppRequest(CubaApplicationServlet.java:329) ~[na:na]
	at com.haulmont.cuba.web.sys.CubaApplicationServlet.service(CubaApplicationServlet.java:215) ~[na:na]
	at javax.servlet.http.HttpServlet.service(HttpServlet.java:741) ~[servlet-api.jar:na]
	at org.apache.catalina.core.ApplicationFilterChain.internalDoFilter(ApplicationFilterChain.java:231) ~[catalina.jar:9.0.27]
	at org.apache.catalina.core.ApplicationFilterChain.doFilter(ApplicationFilterChain.java:166) ~[catalina.jar:9.0.27]
	at org.apache.tomcat.websocket.server.WsFilter.doFilter(WsFilter.java:53) ~[tomcat-websocket.jar:9.0.27]
	at org.apache.catalina.core.ApplicationFilterChain.internalDoFilter(ApplicationFilterChain.java:193) ~[catalina.jar:9.0.27]
	at org.apache.catalina.core.ApplicationFilterChain.doFilter(ApplicationFilterChain.java:166) ~[catalina.jar:9.0.27]
	at org.springframework.web.filter.CompositeFilter$VirtualFilterChain.doFilter(CompositeFilter.java:108) ~[spring-web-5.2.3.RELEASE.jar:5.2.3.RELEASE]
	at org.springframework.web.filter.CompositeFilter.doFilter(CompositeFilter.java:74) ~[spring-web-5.2.3.RELEASE.jar:5.2.3.RELEASE]
	at com.haulmont.cuba.web.sys.CubaHttpFilter.doFilter(CubaHttpFilter.java:93) ~[na:na]
	at org.apache.catalina.core.ApplicationFilterChain.internalDoFilter(ApplicationFilterChain.java:193) ~[catalina.jar:9.0.27]
	at org.apache.catalina.core.ApplicationFilterChain.doFilter(ApplicationFilterChain.java:166) ~[catalina.jar:9.0.27]
	at org.apache.catalina.core.StandardWrapperValve.invoke(StandardWrapperValve.java:202) ~[catalina.jar:9.0.27]
	at org.apache.catalina.core.StandardContextValve.invoke(StandardContextValve.java:96) ~[catalina.jar:9.0.27]
	at org.apache.catalina.authenticator.AuthenticatorBase.invoke(AuthenticatorBase.java:526) ~[catalina.jar:9.0.27]
	at org.apache.catalina.core.StandardHostValve.invoke(StandardHostValve.java:139) ~[catalina.jar:9.0.27]
	at org.apache.catalina.valves.ErrorReportValve.invoke(ErrorReportValve.java:92) ~[catalina.jar:9.0.27]
	at org.apache.catalina.valves.AbstractAccessLogValve.invoke(AbstractAccessLogValve.java:678) ~[catalina.jar:9.0.27]
	at org.apache.catalina.core.StandardEngineValve.invoke(StandardEngineValve.java:74) ~[catalina.jar:9.0.27]
	at org.apache.catalina.connector.CoyoteAdapter.service(CoyoteAdapter.java:343) ~[catalina.jar:9.0.27]
	at org.apache.coyote.http11.Http11Processor.service(Http11Processor.java:408) ~[tomcat-coyote.jar:9.0.27]
	at org.apache.coyote.AbstractProcessorLight.process(AbstractProcessorLight.java:66) ~[tomcat-coyote.jar:9.0.27]
	at org.apache.coyote.AbstractProtocol$ConnectionHandler.process(AbstractProtocol.java:861) ~[tomcat-coyote.jar:9.0.27]
	at org.apache.tomcat.util.net.NioEndpoint$SocketProcessor.doRun(NioEndpoint.java:1579) ~[tomcat-coyote.jar:9.0.27]
	at org.apache.tomcat.util.net.SocketProcessorBase.run(SocketProcessorBase.java:49) ~[tomcat-coyote.jar:9.0.27]
	at java.base/java.util.concurrent.ThreadPoolExecutor.runWorker(ThreadPoolExecutor.java:1128) ~[na:na]
	at java.base/java.util.concurrent.ThreadPoolExecutor$Worker.run(ThreadPoolExecutor.java:628) ~[na:na]
	at org.apache.tomcat.util.threads.TaskThread$WrappingRunnable.run(TaskThread.java:61) ~[tomcat-util.jar:9.0.27]
	at java.base/java.lang.Thread.run(Thread.java:834) ~[na:na]
Caused by: java.lang.RuntimeException: Error creating UUID from database value '333'
	at com.haulmont.cuba.core.sys.UuidConverter.convertDataValueToObjectValue(UuidConverter.java:72) ~[cuba-global-7.2.8.jar:7.2.8]
	at org.eclipse.persistence.mappings.foundation.AbstractDirectMapping.getObjectValue(AbstractDirectMapping.java:639) ~[org.eclipse.persistence.core-2.7.3-7-cuba.jar:na]
	at org.eclipse.persistence.mappings.foundation.AbstractDirectMapping.valueFromRow(AbstractDirectMapping.java:1255) ~[org.eclipse.persistence.core-2.7.3-7-cuba.jar:na]
	at org.eclipse.persistence.mappings.foundation.AbstractDirectMapping.buildCloneFromRow(AbstractDirectMapping.java:227) ~[org.eclipse.persistence.core-2.7.3-7-cuba.jar:na]
	at org.eclipse.persistence.internal.descriptors.ObjectBuilder.buildAttributesIntoWorkingCopyClone(ObjectBuilder.java:2007) ~[org.eclipse.persistence.core-2.7.3-7-cuba.jar:na]
	at org.eclipse.persistence.internal.descriptors.ObjectBuilder.buildWorkingCopyCloneFromRow(ObjectBuilder.java:2268) ~[org.eclipse.persistence.core-2.7.3-7-cuba.jar:na]
	at org.eclipse.persistence.internal.descriptors.ObjectBuilder.buildObjectInUnitOfWork(ObjectBuilder.java:858) ~[org.eclipse.persistence.core-2.7.3-7-cuba.jar:na]
	at org.eclipse.persistence.internal.descriptors.ObjectBuilder.buildObject(ObjectBuilder.java:745) ~[org.eclipse.persistence.core-2.7.3-7-cuba.jar:na]
	at org.eclipse.persistence.internal.descriptors.ObjectBuilder.buildObject(ObjectBuilder.java:699) ~[org.eclipse.persistence.core-2.7.3-7-cuba.jar:na]
	at org.eclipse.persistence.queries.ObjectLevelReadQuery.buildObject(ObjectLevelReadQuery.java:850) ~[org.eclipse.persistence.core-2.7.3-7-cuba.jar:na]
	at org.eclipse.persistence.queries.ReadAllQuery.registerResultInUnitOfWork(ReadAllQuery.java:968) ~[org.eclipse.persistence.core-2.7.3-7-cuba.jar:na]
	at org.eclipse.persistence.queries.ReadAllQuery.executeObjectLevelReadQuery(ReadAllQuery.java:579) ~[org.eclipse.persistence.core-2.7.3-7-cuba.jar:na]
	at org.eclipse.persistence.queries.ObjectLevelReadQuery.executeDatabaseQuery(ObjectLevelReadQuery.java:1221) ~[org.eclipse.persistence.core-2.7.3-7-cuba.jar:na]
	at org.eclipse.persistence.queries.DatabaseQuery.execute(DatabaseQuery.java:914) ~[org.eclipse.persistence.core-2.7.3-7-cuba.jar:na]
	at org.eclipse.persistence.queries.ObjectLevelReadQuery.execute(ObjectLevelReadQuery.java:1180) ~[org.eclipse.persistence.core-2.7.3-7-cuba.jar:na]
	at org.eclipse.persistence.queries.ReadAllQuery.execute(ReadAllQuery.java:466) ~[org.eclipse.persistence.core-2.7.3-7-cuba.jar:na]
	at org.eclipse.persistence.queries.ObjectLevelReadQuery.executeInUnitOfWork(ObjectLevelReadQuery.java:1268) ~[org.eclipse.persistence.core-2.7.3-7-cuba.jar:na]
	at org.eclipse.persistence.internal.sessions.UnitOfWorkImpl.internalExecuteQuery(UnitOfWorkImpl.java:3020) ~[org.eclipse.persistence.core-2.7.3-7-cuba.jar:na]
	at org.eclipse.persistence.internal.sessions.AbstractSession.executeQuery(AbstractSession.java:1892) ~[org.eclipse.persistence.core-2.7.3-7-cuba.jar:na]
	at org.eclipse.persistence.internal.sessions.AbstractSession.executeQuery(AbstractSession.java:1874) ~[org.eclipse.persistence.core-2.7.3-7-cuba.jar:na]
	at org.eclipse.persistence.internal.sessions.AbstractSession.executeQuery(AbstractSession.java:1839) ~[org.eclipse.persistence.core-2.7.3-7-cuba.jar:na]
	at org.eclipse.persistence.internal.jpa.QueryImpl.executeReadQuery(QueryImpl.java:262) ~[org.eclipse.persistence.jpa-2.7.3-7-cuba.jar:na]
	at org.eclipse.persistence.internal.jpa.QueryImpl.getResultList(QueryImpl.java:482) ~[org.eclipse.persistence.jpa-2.7.3-7-cuba.jar:na]
	... 100 common frames omitted
Caused by: java.lang.IllegalArgumentException: 333
	at com.haulmont.cuba.core.global.UuidProvider.fromString(UuidProvider.java:67) ~[cuba-global-7.2.8.jar:7.2.8]
	at com.haulmont.cuba.core.sys.UuidConverter.convertDataValueToObjectValue(UuidConverter.java:69) ~[cuba-global-7.2.8.jar:7.2.8]
	... 122 common frames omitted
2020-10-03 16:58:03.353 ERROR [http-nio-8080-exec-37/app/admin] com.haulmont.cuba.web.log.AppLog - Exception in com.haulmont.cuba.web.widgets.CubaSideMenu: 
com.vaadin.server.ServerRpcManager$RpcInvocationException: Unable to invoke method menuItemTriggered in com.haulmont.cuba.web.widgets.client.verticalmenu.CubaSideMenuServerRpc
	at com.vaadin.server.ServerRpcManager.applyInvocation(ServerRpcManager.java:157) ~[vaadin-server-8.9.2-15-cuba.jar:8.9.2-15-cuba]
	at com.vaadin.server.ServerRpcManager.applyInvocation(ServerRpcManager.java:115) ~[vaadin-server-8.9.2-15-cuba.jar:8.9.2-15-cuba]
	at com.vaadin.server.communication.ServerRpcHandler.handleInvocation(ServerRpcHandler.java:431) ~[vaadin-server-8.9.2-15-cuba.jar:8.9.2-15-cuba]
	at com.vaadin.server.communication.ServerRpcHandler.handleInvocations(ServerRpcHandler.java:396) ~[vaadin-server-8.9.2-15-cuba.jar:8.9.2-15-cuba]
	at com.vaadin.server.communication.ServerRpcHandler.handleRpc(ServerRpcHandler.java:260) ~[vaadin-server-8.9.2-15-cuba.jar:8.9.2-15-cuba]
	at com.vaadin.server.communication.UidlRequestHandler.synchronizedHandleRequest(UidlRequestHandler.java:82) ~[vaadin-server-8.9.2-15-cuba.jar:8.9.2-15-cuba]
	at com.vaadin.server.SynchronizedRequestHandler.handleRequest(SynchronizedRequestHandler.java:40) ~[vaadin-server-8.9.2-15-cuba.jar:8.9.2-15-cuba]
	at com.vaadin.server.VaadinService.handleRequest(VaadinService.java:1578) ~[vaadin-server-8.9.2-15-cuba.jar:8.9.2-15-cuba]
	at com.vaadin.server.VaadinServlet.service(VaadinServlet.java:425) ~[vaadin-server-8.9.2-15-cuba.jar:8.9.2-15-cuba]
	at com.haulmont.cuba.web.sys.CubaApplicationServlet.serviceAppRequest(CubaApplicationServlet.java:329) ~[cuba-web-7.2.8.jar:7.2.8]
	at com.haulmont.cuba.web.sys.CubaApplicationServlet.service(CubaApplicationServlet.java:215) ~[cuba-web-7.2.8.jar:7.2.8]
	at javax.servlet.http.HttpServlet.service(HttpServlet.java:741) ~[servlet-api.jar:na]
	at org.apache.catalina.core.ApplicationFilterChain.internalDoFilter(ApplicationFilterChain.java:231) ~[catalina.jar:9.0.27]
	at org.apache.catalina.core.ApplicationFilterChain.doFilter(ApplicationFilterChain.java:166) ~[catalina.jar:9.0.27]
	at org.apache.tomcat.websocket.server.WsFilter.doFilter(WsFilter.java:53) ~[tomcat-websocket.jar:9.0.27]
	at org.apache.catalina.core.ApplicationFilterChain.internalDoFilter(ApplicationFilterChain.java:193) ~[catalina.jar:9.0.27]
	at org.apache.catalina.core.ApplicationFilterChain.doFilter(ApplicationFilterChain.java:166) ~[catalina.jar:9.0.27]
	at org.springframework.web.filter.CompositeFilter$VirtualFilterChain.doFilter(CompositeFilter.java:108) ~[spring-web-5.2.3.RELEASE.jar:5.2.3.RELEASE]
	at org.springframework.web.filter.CompositeFilter.doFilter(CompositeFilter.java:74) ~[spring-web-5.2.3.RELEASE.jar:5.2.3.RELEASE]
	at com.haulmont.cuba.web.sys.CubaHttpFilter.doFilter(CubaHttpFilter.java:93) ~[cuba-web-7.2.8.jar:7.2.8]
	at org.apache.catalina.core.ApplicationFilterChain.internalDoFilter(ApplicationFilterChain.java:193) ~[catalina.jar:9.0.27]
	at org.apache.catalina.core.ApplicationFilterChain.doFilter(ApplicationFilterChain.java:166) ~[catalina.jar:9.0.27]
	at org.apache.catalina.core.StandardWrapperValve.invoke(StandardWrapperValve.java:202) ~[catalina.jar:9.0.27]
	at org.apache.catalina.core.StandardContextValve.invoke(StandardContextValve.java:96) ~[catalina.jar:9.0.27]
	at org.apache.catalina.authenticator.AuthenticatorBase.invoke(AuthenticatorBase.java:526) ~[catalina.jar:9.0.27]
	at org.apache.catalina.core.StandardHostValve.invoke(StandardHostValve.java:139) ~[catalina.jar:9.0.27]
	at org.apache.catalina.valves.ErrorReportValve.invoke(ErrorReportValve.java:92) ~[catalina.jar:9.0.27]
	at org.apache.catalina.valves.AbstractAccessLogValve.invoke(AbstractAccessLogValve.java:678) ~[catalina.jar:9.0.27]
	at org.apache.catalina.core.StandardEngineValve.invoke(StandardEngineValve.java:74) ~[catalina.jar:9.0.27]
	at org.apache.catalina.connector.CoyoteAdapter.service(CoyoteAdapter.java:343) ~[catalina.jar:9.0.27]
	at org.apache.coyote.http11.Http11Processor.service(Http11Processor.java:408) ~[tomcat-coyote.jar:9.0.27]
	at org.apache.coyote.AbstractProcessorLight.process(AbstractProcessorLight.java:66) ~[tomcat-coyote.jar:9.0.27]
	at org.apache.coyote.AbstractProtocol$ConnectionHandler.process(AbstractProtocol.java:861) ~[tomcat-coyote.jar:9.0.27]
	at org.apache.tomcat.util.net.NioEndpoint$SocketProcessor.doRun(NioEndpoint.java:1579) ~[tomcat-coyote.jar:9.0.27]
	at org.apache.tomcat.util.net.SocketProcessorBase.run(SocketProcessorBase.java:49) ~[tomcat-coyote.jar:9.0.27]
	at java.base/java.util.concurrent.ThreadPoolExecutor.runWorker(ThreadPoolExecutor.java:1128) ~[na:na]
	at java.base/java.util.concurrent.ThreadPoolExecutor$Worker.run(ThreadPoolExecutor.java:628) ~[na:na]
	at org.apache.tomcat.util.threads.TaskThread$WrappingRunnable.run(TaskThread.java:61) ~[tomcat-util.jar:9.0.27]
	at java.base/java.lang.Thread.run(Thread.java:834) ~[na:na]
Caused by: java.lang.reflect.InvocationTargetException: null
	at java.base/jdk.internal.reflect.NativeMethodAccessorImpl.invoke0(Native Method) ~[na:na]
	at java.base/jdk.internal.reflect.NativeMethodAccessorImpl.invoke(NativeMethodAccessorImpl.java:62) ~[na:na]
	at java.base/jdk.internal.reflect.DelegatingMethodAccessorImpl.invoke(DelegatingMethodAccessorImpl.java:43) ~[na:na]
	at java.base/java.lang.reflect.Method.invoke(Method.java:566) ~[na:na]
	at com.vaadin.server.ServerRpcManager.applyInvocation(ServerRpcManager.java:153) ~[vaadin-server-8.9.2-15-cuba.jar:8.9.2-15-cuba]
	... 38 common frames omitted
Caused by: com.haulmont.cuba.core.global.RemoteException: 333
	at com.haulmont.cuba.core.sys.ServiceInterceptor.aroundInvoke(ServiceInterceptor.java:96) ~[na:na]
	at jdk.internal.reflect.GeneratedMethodAccessor115.invoke(Unknown Source) ~[na:na]
	at java.base/jdk.internal.reflect.DelegatingMethodAccessorImpl.invoke(DelegatingMethodAccessorImpl.java:43) ~[na:na]
	at java.base/java.lang.reflect.Method.invoke(Method.java:566) ~[na:na]
	at org.springframework.aop.aspectj.AbstractAspectJAdvice.invokeAdviceMethodWithGivenArgs(AbstractAspectJAdvice.java:644) ~[spring-aop-5.2.3.RELEASE.jar:5.2.3.RELEASE]
	at org.springframework.aop.aspectj.AbstractAspectJAdvice.invokeAdviceMethod(AbstractAspectJAdvice.java:633) ~[spring-aop-5.2.3.RELEASE.jar:5.2.3.RELEASE]
	at org.springframework.aop.aspectj.AspectJAroundAdvice.invoke(AspectJAroundAdvice.java:70) ~[spring-aop-5.2.3.RELEASE.jar:5.2.3.RELEASE]
	at org.springframework.aop.framework.ReflectiveMethodInvocation.proceed(ReflectiveMethodInvocation.java:175) ~[spring-aop-5.2.3.RELEASE.jar:5.2.3.RELEASE]
	at org.springframework.aop.interceptor.ExposeInvocationInterceptor.invoke(ExposeInvocationInterceptor.java:95) ~[spring-aop-5.2.3.RELEASE.jar:5.2.3.RELEASE]
	at org.springframework.aop.framework.ReflectiveMethodInvocation.proceed(ReflectiveMethodInvocation.java:186) ~[spring-aop-5.2.3.RELEASE.jar:5.2.3.RELEASE]
	at org.springframework.aop.framework.JdkDynamicAopProxy.invoke(JdkDynamicAopProxy.java:212) ~[spring-aop-5.2.3.RELEASE.jar:5.2.3.RELEASE]
	at com.sun.proxy.$Proxy225.loadList(Unknown Source) ~[na:na]
	at java.base/jdk.internal.reflect.NativeMethodAccessorImpl.invoke0(Native Method) ~[na:na]
	at java.base/jdk.internal.reflect.NativeMethodAccessorImpl.invoke(NativeMethodAccessorImpl.java:62) ~[na:na]
	at java.base/jdk.internal.reflect.DelegatingMethodAccessorImpl.invoke(DelegatingMethodAccessorImpl.java:43) ~[na:na]
	at java.base/java.lang.reflect.Method.invoke(Method.java:566) ~[na:na]
	at com.haulmont.cuba.core.sys.remoting.LocalServiceInvokerImpl.invoke(LocalServiceInvokerImpl.java:94) ~[na:na]
	at com.haulmont.cuba.web.sys.remoting.LocalServiceProxy$LocalServiceInvocationHandler.invoke(LocalServiceProxy.java:159) ~[cuba-web-7.2.8.jar:7.2.8]
	at com.sun.proxy.$Proxy34.loadList(Unknown Source) ~[na:na]
	at com.haulmont.cuba.client.sys.DataManagerClientImpl.loadList(DataManagerClientImpl.java:57) ~[cuba-client-7.2.8.jar:7.2.8]
	at com.haulmont.cuba.gui.model.impl.CollectionLoaderImpl.load(CollectionLoaderImpl.java:107) ~[cuba-gui-7.2.8.jar:7.2.8]
	at com.haulmont.cuba.gui.model.impl.ScreenDataImpl.loadAll(ScreenDataImpl.java:80) ~[cuba-gui-7.2.8.jar:7.2.8]
	at com.haulmont.cuba.gui.model.impl.AnnotationBasedLoaderBeforeShow.loadData(AnnotationBasedLoaderBeforeShow.java:36) ~[cuba-gui-7.2.8.jar:7.2.8]
	at com.haulmont.cuba.web.sys.WebScreens.loadDataBeforeShow(WebScreens.java:554) ~[cuba-web-7.2.8.jar:7.2.8]
	at com.haulmont.cuba.web.sys.WebScreens.show(WebScreens.java:446) ~[cuba-web-7.2.8.jar:7.2.8]
	at com.haulmont.cuba.web.sys.WebScreens.showFromNavigation(WebScreens.java:550) ~[cuba-web-7.2.8.jar:7.2.8]
	at com.haulmont.cuba.gui.config.MenuItemCommands$ScreenCommand.run(MenuItemCommands.java:338) ~[cuba-gui-7.2.8.jar:7.2.8]
	at com.haulmont.cuba.web.sys.SideMenuBuilder$MenuCommandExecutor.accept(SideMenuBuilder.java:264) ~[cuba-web-7.2.8.jar:7.2.8]
	at com.haulmont.cuba.web.sys.SideMenuBuilder$MenuCommandExecutor.accept(SideMenuBuilder.java:249) ~[cuba-web-7.2.8.jar:7.2.8]
	at com.haulmont.cuba.web.gui.components.mainwindow.WebSideMenu$MenuItemImpl.menuSelected(WebSideMenu.java:576) ~[cuba-web-7.2.8.jar:7.2.8]
	at com.haulmont.cuba.web.widgets.CubaSideMenu$1.menuItemTriggered(CubaSideMenu.java:90) ~[cuba-web-widgets-7.2.8.jar:na]
	... 43 common frames omitted
