2020-10-01 18:27:35.244 INFO  [main] com.haulmont.cuba.core.sys.AbstractWebAppContextLoader - Initializing 'web' block, servlet context path: /app
2020-10-01 18:27:35.651 INFO  [main] com.haulmont.cuba.core.sys.AppComponents - Using app components: [com.haulmont.cuba]
2020-10-01 18:27:35.846 INFO  [main] com.haulmont.cuba.core.sys.AbstractWebAppContextLoader - Loading app properties from classpath:com/company/bookshop/web-app.properties
2020-10-01 18:27:35.860 INFO  [main] com.haulmont.cuba.core.sys.AbstractWebAppContextLoader - Loading app properties from file:C:\Users\Alex\StudioProjects\bookshop\deploy\tomcat/../app_home/local.app.properties
2020-10-01 18:27:35.892 INFO  [main] com.haulmont.cuba.core.sys.AbstractWebAppContextLoader - cuba.webContextName: app
2020-10-01 18:27:36.363 INFO  [main] com.haulmont.cuba.core.sys.environmentcheck.EnvironmentChecksRunner - Environment checks on web module completed successfully
2020-10-01 18:27:48.884 INFO  [main] com.haulmont.cuba.core.sys.remoting.discovery.StaticServerSelector - Server URLs: [http://localhost:8080/app-core/remoting]
2020-10-01 18:27:48.970 INFO  [main] com.haulmont.cuba.web.sys.remoting.WebRemoteProxyBeanCreator - Configuring proxy beans for local service invocations: [cuba_AuthenticationService, cuba_TrustedClientService, cuba_ServerInfoService, cuba_UserSettingService, cuba_UserManagementService, cuba_DataService, cuba_ConfigStorageService, cuba_PersistenceManagerService, cuba_LockService, cuba_UserSessionService, cuba_FoldersService, cuba_EmailService, cuba_FileStorageService, cuba_EntitySnapshotService, cuba_UniqueNumbersService, cuba_LocalizedMessageService, cuba_ResourceService, cuba_ScheduledTasksService, cuba_EntityLogService, cuba_TestingService, cuba_DomainDescriptionService, cuba_RelatedEntitiesService, cuba_EntitySqlGenerationService, cuba_NumberIdService, cuba_QueryResultsService, cuba_DynamicAttributesCacheService, cuba_EntityRestoreService, cuba_LocalFileExchangeService, cuba_EntityImportExportService, cuba_ConstraintLocalizationService, cuba_AttributeAccessService, cuba_ExceptionReportService, cuba_BulkEditorDataService, cuba_PersistenceSecurityService, cuba_AccessGroupsService, cuba_AttributeOptionsLoaderService, cuba_RolesService, cuba_SecurityScopesService, cuba_ScreenProfilerService]
2020-10-01 18:27:51.839 DEBUG [main] org.jboss.logging - Logging Provider: org.jboss.logging.Slf4jLoggerProvider
2020-10-01 18:27:56.990 INFO  [main] com.haulmont.cuba.core.sys.CubaThreadPoolTaskScheduler - Initializing ExecutorService 'scheduler'
2020-10-01 18:27:58.336 INFO  [main] com.haulmont.cuba.core.sys.jmx.MBeanExporter - Registering beans for JMX exposure: [app.cuba:type=ConfigStorage, app.cuba:type=CachingFacade, app.cuba:type=FileUploading, app.cuba:type=JmxNodeIdentifier, app.cuba:type=JmxLogControl, app.cuba:type=ClassLoaderManager, app.cuba:type=StatisticsCounter]
2020-10-01 18:27:59.234 DEBUG [main] com.haulmont.cuba.gui.components.impl.ActionsImpl - Actions initialized in 199 ms
2020-10-01 18:27:59.263 INFO  [main] com.haulmont.cuba.core.sys.MetadataImpl - Initializing metadata
2020-10-01 18:28:00.497 INFO  [main] com.haulmont.cuba.core.sys.MetadataImpl - Metadata initialized in 1232 ms
2020-10-01 18:28:00.699 INFO  [main] com.haulmont.cuba.core.sys.AbstractWebAppContextLoader - AppContext started
2020-10-01 18:28:02.196 INFO  [main] com.haulmont.cuba.web.sys.CubaDispatcherServlet - Initializing Servlet 'dispatcher'
2020-10-01 18:28:05.110 INFO  [main] com.haulmont.cuba.web.sys.CubaDispatcherServlet - Completed initialization in 2914 ms
2020-10-01 18:28:05.613 INFO  [main] com.haulmont.cuba.core.sys.AbstractWebAppContextLoader - Initializing 'core' block, servlet context path: /app-core
2020-10-01 18:28:05.660 INFO  [main] com.haulmont.cuba.core.sys.AppComponents - Using app components: [com.haulmont.cuba]
2020-10-01 18:28:05.710 INFO  [main] com.haulmont.cuba.core.sys.AbstractWebAppContextLoader - Loading app properties from classpath:com/company/bookshop/app.properties
2020-10-01 18:28:05.714 INFO  [main] com.haulmont.cuba.core.sys.AbstractWebAppContextLoader - Loading app properties from file:C:\Users\Alex\StudioProjects\bookshop\deploy\tomcat/../app_home/local.app.properties
2020-10-01 18:28:05.725 INFO  [main] com.haulmont.cuba.core.sys.AbstractWebAppContextLoader - cuba.webContextName: app-core
2020-10-01 18:28:05.752 INFO  [main] com.haulmont.cuba.core.sys.AppContextLoader - DbmsType of the main database is set to hsql
2020-10-01 18:28:05.853 INFO  [main] com.haulmont.cuba.core.sys.environmentcheck.DataStoresCheck - Checking connection to data store Main
2020-10-01 18:28:06.247 INFO  [main] com.haulmont.cuba.core.sys.environmentcheck.EnvironmentChecksRunner - Environment checks on core module completed successfully
2020-10-01 18:28:06.626 INFO  [main] com.haulmont.cuba.core.sys.persistence.PersistenceConfigProcessor - Creating file C:\Users\Alex\StudioProjects\bookshop\deploy\app_home\app-core\work\persistence.xml
2020-10-01 18:28:18.112 INFO  [main] com.zaxxer.hikari.HikariDataSource - Connection Pool-Main - Starting...
2020-10-01 18:28:18.291 INFO  [main] com.zaxxer.hikari.pool.PoolBase - Connection Pool-Main - Driver does not support get/set network timeout for connections. (feature not supported)
2020-10-01 18:28:18.308 INFO  [main] com.zaxxer.hikari.HikariDataSource - Connection Pool-Main - Start completed.
